2019-06-27 21:03:06 INFO  TestBase:32 - Initiate Browser
2019-06-27 21:04:32 INFO  TestBase:32 - Initiate Browser
2019-06-27 21:05:46 INFO  TestBase:32 - Initiate Browser
2019-06-27 21:05:56 INFO  TestBase:38 - Browser Initiated
2019-06-27 21:05:56 INFO  TestBase:49 - Test name: testGenderlInformation
2019-06-27 21:05:56 INFO  TestBase:68 - Executed test case name:testGenderlInformation Execution Results : [TestResult name=testGenderlInformation status=SUCCESS method=Tests.testGenderlInformation()[pri:0, instance:tests.Tests@79be0360] output={null}]
2019-06-27 21:05:56 INFO  TestBase:59 - Closing Browser
2019-06-27 21:05:56 INFO  TestBase:61 - Browser Closed
2019-06-27 21:06:05 INFO  TestBase:32 - Initiate Browser
2019-06-27 21:06:15 INFO  TestBase:38 - Browser Initiated
2019-06-27 21:06:15 INFO  TestBase:49 - Test name: testGenderlInformation
2019-06-27 21:06:15 INFO  TestBase:68 - Executed test case name:testGenderlInformation Execution Results : [TestResult name=testGenderlInformation status=SUCCESS method=Tests.testGenderlInformation()[pri:0, instance:tests.Tests@cd2dae5] output={null}]
2019-06-27 21:06:15 INFO  TestBase:59 - Closing Browser
2019-06-27 21:06:15 INFO  TestBase:61 - Browser Closed
2019-07-29 16:49:28 INFO  TestBase:32 - Initiate Browser
2019-07-29 16:49:37 INFO  TestBase:38 - Browser Initiated
2019-07-29 16:49:37 INFO  TestBase:49 - Test name: testGenderlInformation
2019-07-29 16:49:37 INFO  TestBase:68 - Executed test case name:testGenderlInformation Execution Results : [TestResult name=testGenderlInformation status=SUCCESS method=Tests.testGenderlInformation()[pri:0, instance:tests.Tests@63e2203c] output={null}]
2019-07-29 16:49:37 INFO  TestBase:59 - Closing Browser
2019-07-29 16:49:38 INFO  TestBase:61 - Browser Closed
2019-07-29 16:53:11 INFO  TestBase:32 - Initiate Browser
2019-07-29 16:53:17 INFO  TestBase:38 - Browser Initiated
2019-07-29 16:53:17 INFO  TestBase:49 - Test name: testGenderlInformation
2019-07-29 16:53:18 INFO  TestBase:68 - Executed test case name:testGenderlInformation Execution Results : [TestResult name=testGenderlInformation status=SUCCESS method=Tests.testGenderlInformation()[pri:0, instance:tests.Tests@63e2203c] output={null}]
2019-07-29 16:53:18 INFO  TestBase:59 - Closing Browser
2019-07-29 16:53:18 INFO  TestBase:61 - Browser Closed
2019-07-29 17:10:35 INFO  TestBase:32 - Initiate Browser
2019-07-29 17:10:43 INFO  TestBase:38 - Browser Initiated
2019-07-29 17:10:43 INFO  TestBase:49 - Test name: testGenderlInformation
2019-07-29 17:10:43 INFO  TestBase:68 - Executed test case name:testGenderlInformation Execution Results : [TestResult name=testGenderlInformation status=SUCCESS method=Tests.testGenderlInformation()[pri:0, instance:tests.Tests@63e2203c] output={null}]
2019-07-29 17:10:43 INFO  TestBase:59 - Closing Browser
2019-07-29 17:10:43 INFO  TestBase:61 - Browser Closed
2019-07-29 17:12:57 INFO  TestBase:32 - Initiate Browser
2019-07-29 17:13:04 INFO  TestBase:38 - Browser Initiated
2019-07-29 17:13:04 INFO  TestBase:49 - Test name: testGenderlInformation
2019-07-29 17:13:04 INFO  TestBase:68 - Executed test case name:testGenderlInformation Execution Results : [TestResult name=testGenderlInformation status=SUCCESS method=Tests.testGenderlInformation()[pri:0, instance:tests.Tests@63e2203c] output={null}]
2019-07-29 17:13:04 INFO  TestBase:59 - Closing Browser
2019-07-29 17:13:05 INFO  TestBase:61 - Browser Closed
2019-07-29 17:14:06 INFO  TestBase:32 - Initiate Browser
2019-07-29 17:14:13 INFO  TestBase:38 - Browser Initiated
2019-07-29 17:14:13 INFO  TestBase:49 - Test name: testGenderlInformation
2019-07-29 17:14:13 INFO  TestBase:68 - Executed test case name:testGenderlInformation Execution Results : [TestResult name=testGenderlInformation status=SUCCESS method=Tests.testGenderlInformation()[pri:0, instance:tests.Tests@63e2203c] output={null}]
2019-07-29 17:14:13 INFO  TestBase:59 - Closing Browser
2019-07-29 17:14:14 INFO  TestBase:61 - Browser Closed
2019-07-29 17:18:43 INFO  TestBase:32 - Initiate Browser
2019-07-29 17:18:50 INFO  TestBase:38 - Browser Initiated
2019-07-29 17:18:50 INFO  TestBase:49 - Test name: testGenderlInformation
2019-07-29 17:18:50 INFO  TestBase:68 - Executed test case name:testGenderlInformation Execution Results : [TestResult name=testGenderlInformation status=SUCCESS method=Tests.testGenderlInformation()[pri:0, instance:tests.Tests@63e2203c] output={null}]
2019-07-29 17:18:50 INFO  TestBase:59 - Closing Browser
2019-07-29 17:18:51 INFO  TestBase:61 - Browser Closed
2019-07-29 22:36:11 INFO  TestBase:32 - Initiate Browser
2019-07-29 22:36:23 INFO  TestBase:38 - Browser Initiated
2019-07-29 22:36:23 INFO  TestBase:49 - Test name: testGenderlInformation
2019-07-29 22:36:25 INFO  TestBase:68 - Executed test case name:testGenderlInformation Execution Results : [TestResult name=testGenderlInformation status=SUCCESS method=Tests.testGenderlInformation()[pri:0, instance:tests.Tests@2c1b194a] output={null}]
2019-07-29 22:36:25 INFO  TestBase:59 - Closing Browser
2019-07-29 22:36:26 INFO  TestBase:61 - Browser Closed
2019-07-29 22:37:28 INFO  TestBase:32 - Initiate Browser
2019-07-29 22:37:40 INFO  TestBase:38 - Browser Initiated
2019-07-29 22:37:40 INFO  TestBase:49 - Test name: testGenderlInformation
2019-07-29 22:37:48 INFO  TestBase:68 - Executed test case name:testGenderlInformation Execution Results : [TestResult name=testGenderlInformation status=SUCCESS method=Tests.testGenderlInformation()[pri:0, instance:tests.Tests@3d99d22e] output={null}]
2019-07-29 22:37:48 INFO  TestBase:59 - Closing Browser
2019-07-29 22:37:49 INFO  TestBase:61 - Browser Closed
2019-07-29 22:42:48 INFO  TestBase:32 - Initiate Browser
2019-07-29 22:42:59 INFO  TestBase:38 - Browser Initiated
2019-07-29 22:42:59 INFO  TestBase:49 - Test name: testGenderlInformation
2019-07-29 22:43:06 INFO  TestBase:68 - Executed test case name:testGenderlInformation Execution Results : [TestResult name=testGenderlInformation status=SUCCESS method=Tests.testGenderlInformation()[pri:0, instance:tests.Tests@3d99d22e] output={null}]
2019-07-29 22:43:06 INFO  TestBase:59 - Closing Browser
2019-07-29 22:43:07 INFO  TestBase:61 - Browser Closed
2019-07-29 22:44:28 INFO  TestBase:32 - Initiate Browser
2019-07-29 22:44:39 INFO  TestBase:38 - Browser Initiated
2019-07-29 22:44:39 INFO  TestBase:49 - Test name: testGenderlInformation
2019-07-29 22:44:46 INFO  TestBase:68 - Executed test case name:testGenderlInformation Execution Results : [TestResult name=testGenderlInformation status=SUCCESS method=Tests.testGenderlInformation()[pri:0, instance:tests.Tests@3d99d22e] output={null}]
2019-07-29 22:44:46 INFO  TestBase:59 - Closing Browser
2019-07-29 22:44:47 INFO  TestBase:61 - Browser Closed
2019-07-30 08:49:42 INFO  TestBase:32 - Initiate Browser
2019-07-30 08:49:52 INFO  TestBase:38 - Browser Initiated
2019-07-30 08:49:52 INFO  TestBase:49 - Test name: testGenderlInformation
2019-07-30 08:49:55 INFO  TestBase:68 - Executed test case name:testGenderlInformation Execution Results : [TestResult name=testGenderlInformation status=SUCCESS method=Tests.testGenderlInformation()[pri:0, instance:tests.Tests@57855c9a] output={null}]
2019-07-30 08:49:55 INFO  TestBase:59 - Closing Browser
2019-07-30 08:49:55 INFO  TestBase:61 - Browser Closed
2019-07-30 10:05:09 INFO  TestBase:32 - Initiate Browser
2019-07-30 10:05:18 INFO  TestBase:38 - Browser Initiated
2019-07-30 10:05:18 INFO  TestBase:49 - Test name: testGenderlInformation
2019-07-30 10:05:18 INFO  TestBase:70 - Executed test case name:testGenderlInformation Execution Results : [TestResult name=testGenderlInformation status=SUCCESS method=Tests.testGenderlInformation()[pri:0, instance:tests.Tests@72b6cbcc] output={null}]
2019-07-30 10:05:18 INFO  TestBase:59 - Closing Browser
2019-07-30 10:05:19 INFO  TestBase:61 - Browser Closed
2019-07-30 10:08:30 INFO  TestBase:32 - Initiate Browser
2019-07-30 10:08:38 INFO  TestBase:38 - Browser Initiated
2019-07-30 10:08:38 INFO  TestBase:49 - Test name: testGenderlInformation
2019-07-30 10:08:38 INFO  TestBase:70 - Executed test case name:testGenderlInformation Execution Results : [TestResult name=testGenderlInformation status=SUCCESS method=Tests.testGenderlInformation()[pri:0, instance:tests.Tests@72b6cbcc] output={null}]
2019-07-30 10:08:38 INFO  TestBase:59 - Closing Browser
2019-07-30 10:08:39 INFO  TestBase:61 - Browser Closed
2019-07-30 10:08:43 INFO  TestBase:63 - Email successfully Send
2019-07-30 20:44:32 INFO  TestBase:32 - Initiate Browser
2019-07-30 20:44:44 INFO  TestBase:38 - Browser Initiated
2019-07-30 20:44:44 INFO  TestBase:49 - Test name: testGenderlInformation
2019-07-30 20:44:45 INFO  TestBase:70 - Executed test case name:testGenderlInformation Execution Results : [TestResult name=testGenderlInformation status=FAILURE method=Tests.testGenderlInformation()[pri:0, instance:tests.Tests@cd2dae5] output={null}]
2019-07-30 20:48:53 INFO  TestBase:32 - Initiate Browser
2019-07-30 20:49:03 INFO  TestBase:38 - Browser Initiated
2019-07-30 20:49:03 INFO  TestBase:49 - Test name: testGenderlInformation
2019-07-30 20:49:03 INFO  TestBase:70 - Executed test case name:testGenderlInformation Execution Results : [TestResult name=testGenderlInformation status=SUCCESS method=Tests.testGenderlInformation()[pri:0, instance:tests.Tests@cd2dae5] output={null}]
2019-07-30 20:49:03 INFO  TestBase:59 - Closing Browser
2019-07-30 20:49:04 INFO  TestBase:61 - Browser Closed
2019-07-30 20:54:46 INFO  TestBase:32 - Initiate Browser
2019-07-30 20:54:56 INFO  TestBase:38 - Browser Initiated
2019-07-30 20:54:56 INFO  TestBase:49 - Test name: testGenderlInformation
2019-07-30 20:54:58 INFO  TestBase:70 - Executed test case name:testGenderlInformation Execution Results : [TestResult name=testGenderlInformation status=SUCCESS method=Tests.testGenderlInformation()[pri:0, instance:tests.Tests@cd2dae5] output={null}]
2019-07-30 20:54:58 INFO  TestBase:59 - Closing Browser
2019-07-30 20:54:59 INFO  TestBase:61 - Browser Closed
2019-07-30 20:57:39 INFO  TestBase:32 - Initiate Browser
2019-07-30 20:57:50 INFO  TestBase:38 - Browser Initiated
2019-07-30 20:57:50 INFO  TestBase:49 - Test name: testGenderlInformation
2019-07-30 20:57:51 INFO  TestBase:70 - Executed test case name:testGenderlInformation Execution Results : [TestResult name=testGenderlInformation status=SUCCESS method=Tests.testGenderlInformation()[pri:0, instance:tests.Tests@cd2dae5] output={null}]
2019-07-30 20:57:51 INFO  TestBase:59 - Closing Browser
2019-07-30 20:57:52 INFO  TestBase:61 - Browser Closed
2019-07-30 20:59:14 INFO  TestBase:32 - Initiate Browser
2019-07-30 20:59:23 INFO  TestBase:38 - Browser Initiated
2019-07-30 20:59:23 INFO  TestBase:49 - Test name: testGenderlInformation
2019-07-30 20:59:25 INFO  TestBase:70 - Executed test case name:testGenderlInformation Execution Results : [TestResult name=testGenderlInformation status=SUCCESS method=Tests.testGenderlInformation()[pri:0, instance:tests.Tests@cd2dae5] output={null}]
2019-07-30 20:59:25 INFO  TestBase:59 - Closing Browser
2019-07-30 20:59:26 INFO  TestBase:61 - Browser Closed
2019-07-30 21:46:17 INFO  TestBase:32 - Initiate Browser
2019-07-30 21:47:16 INFO  TestBase:32 - Initiate Browser
2019-07-30 21:47:27 INFO  TestBase:38 - Browser Initiated
2019-07-30 21:47:27 INFO  TestBase:49 - Test name: testGenderlInformation
2019-07-30 21:47:28 INFO  TestBase:70 - Executed test case name:testGenderlInformation Execution Results : [TestResult name=testGenderlInformation status=SUCCESS method=Tests.testGenderlInformation()[pri:0, instance:tests.Tests@cd2dae5] output={null}]
2019-07-30 21:47:28 INFO  TestBase:59 - Closing Browser
2019-07-30 21:47:29 INFO  TestBase:61 - Browser Closed
2019-07-30 21:49:02 INFO  TestBase:32 - Initiate Browser
2019-07-30 21:53:03 INFO  TestBase:32 - Initiate Browser
2019-07-30 21:53:59 INFO  TestBase:32 - Initiate Browser
2019-07-30 21:54:17 INFO  TestBase:38 - Browser Initiated
2019-07-30 21:54:17 INFO  TestBase:49 - Test name: testGenderlInformation
2019-07-30 21:54:18 INFO  TestBase:70 - Executed test case name:testGenderlInformation Execution Results : [TestResult name=testGenderlInformation status=SUCCESS method=Tests.testGenderlInformation()[pri:0, instance:tests.Tests@cd2dae5] output={null}]
2019-07-30 21:54:18 INFO  TestBase:59 - Closing Browser
2019-07-30 21:54:21 INFO  TestBase:61 - Browser Closed
2019-07-30 21:55:49 INFO  TestBase:32 - Initiate Browser
2019-07-30 21:56:08 INFO  TestBase:38 - Browser Initiated
2019-07-30 21:56:08 INFO  TestBase:49 - Test name: testGenderlInformation
2019-07-30 21:56:10 INFO  TestBase:70 - Executed test case name:testGenderlInformation Execution Results : [TestResult name=testGenderlInformation status=SUCCESS method=Tests.testGenderlInformation()[pri:0, instance:tests.Tests@cd2dae5] output={null}]
2019-07-30 21:56:10 INFO  TestBase:59 - Closing Browser
2019-07-30 21:56:12 INFO  TestBase:61 - Browser Closed
2019-07-30 21:57:14 INFO  TestBase:32 - Initiate Browser
2019-07-30 21:57:25 INFO  TestBase:38 - Browser Initiated
2019-07-30 21:57:25 INFO  TestBase:49 - Test name: testGenderlInformation
2019-07-30 21:57:27 INFO  TestBase:70 - Executed test case name:testGenderlInformation Execution Results : [TestResult name=testGenderlInformation status=SUCCESS method=Tests.testGenderlInformation()[pri:0, instance:tests.Tests@cd2dae5] output={null}]
2019-07-30 21:57:27 INFO  TestBase:59 - Closing Browser
2019-07-30 21:57:30 INFO  TestBase:61 - Browser Closed
2019-07-30 21:59:44 INFO  TestBase:32 - Initiate Browser
2019-07-30 22:00:09 INFO  TestBase:38 - Browser Initiated
2019-07-30 22:00:09 INFO  TestBase:49 - Test name: testGenderlInformation
2019-07-30 22:00:11 INFO  TestBase:70 - Executed test case name:testGenderlInformation Execution Results : [TestResult name=testGenderlInformation status=SUCCESS method=Tests.testGenderlInformation()[pri:0, instance:tests.Tests@cd2dae5] output={null}]
2019-07-30 22:00:11 INFO  TestBase:59 - Closing Browser
2019-07-30 22:00:13 INFO  TestBase:61 - Browser Closed
2019-07-30 22:01:03 INFO  TestBase:32 - Initiate Browser
2019-07-30 22:02:49 INFO  TestBase:32 - Initiate Browser
2019-07-30 22:03:12 INFO  TestBase:38 - Browser Initiated
2019-07-30 22:03:12 INFO  TestBase:49 - Test name: testGenderlInformation
2019-07-30 22:03:14 INFO  TestBase:70 - Executed test case name:testGenderlInformation Execution Results : [TestResult name=testGenderlInformation status=SUCCESS method=Tests.testGenderlInformation()[pri:0, instance:tests.Tests@cd2dae5] output={null}]
2019-07-30 22:03:14 INFO  TestBase:59 - Closing Browser
2019-07-30 22:03:16 INFO  TestBase:61 - Browser Closed
2019-07-30 22:03:49 INFO  TestBase:32 - Initiate Browser
2019-07-30 22:04:26 INFO  TestBase:32 - Initiate Browser
2019-07-30 22:04:57 INFO  TestBase:32 - Initiate Browser
2019-07-30 22:05:53 INFO  TestBase:32 - Initiate Browser
2019-07-30 22:06:17 INFO  TestBase:38 - Browser Initiated
2019-07-30 22:06:17 INFO  TestBase:49 - Test name: testGenderlInformation
2019-07-30 22:06:19 INFO  TestBase:70 - Executed test case name:testGenderlInformation Execution Results : [TestResult name=testGenderlInformation status=SUCCESS method=Tests.testGenderlInformation()[pri:0, instance:tests.Tests@cd2dae5] output={null}]
2019-07-30 22:06:19 INFO  TestBase:59 - Closing Browser
2019-07-30 22:06:22 INFO  TestBase:61 - Browser Closed
2019-07-30 22:15:44 INFO  TestBase:32 - Initiate Browser
2019-07-30 22:17:17 INFO  TestBase:32 - Initiate Browser
2019-07-30 22:18:29 INFO  TestBase:32 - Initiate Browser
2019-07-30 22:19:44 INFO  TestBase:32 - Initiate Browser
2019-07-30 22:21:25 INFO  TestBase:32 - Initiate Browser
2019-07-30 22:21:41 INFO  TestBase:38 - Browser Initiated
2019-07-30 22:21:41 INFO  TestBase:49 - Test name: testGenderlInformation
2019-07-30 22:21:44 INFO  TestBase:70 - Executed test case name:testGenderlInformation Execution Results : [TestResult name=testGenderlInformation status=SUCCESS method=Tests.testGenderlInformation()[pri:0, instance:tests.Tests@cd2dae5] output={null}]
2019-07-30 22:21:44 INFO  TestBase:59 - Closing Browser
2019-07-30 22:21:46 INFO  TestBase:61 - Browser Closed
2019-08-03 23:55:23 INFO  TestBase:32 - Initiate Browser
2019-08-03 23:55:46 INFO  TestBase:38 - Browser Initiated
2019-08-03 23:55:46 INFO  TestBase:49 - Test name: testGenderlInformation
2019-08-03 23:55:49 INFO  TestBase:70 - Executed test case name:testGenderlInformation Execution Results : [TestResult name=testGenderlInformation status=SUCCESS method=Tests.testGenderlInformation()[pri:0, instance:tests.Tests@5be6e01c] output={null}]
2019-08-03 23:55:49 INFO  TestBase:59 - Closing Browser
2019-08-03 23:55:51 INFO  TestBase:61 - Browser Closed
2019-08-04 00:06:01 INFO  TestBase:32 - Initiate Browser
2019-08-04 00:06:19 INFO  TestBase:38 - Browser Initiated
2019-08-04 00:06:19 INFO  TestBase:49 - Test name: testGenderlInformation
2019-08-04 00:06:22 INFO  TestBase:70 - Executed test case name:testGenderlInformation Execution Results : [TestResult name=testGenderlInformation status=SUCCESS method=Tests.testGenderlInformation()[pri:0, instance:tests.Tests@7ce3cb8e] output={null}]
2019-08-04 00:06:22 INFO  TestBase:59 - Closing Browser
2019-08-04 00:06:24 INFO  TestBase:61 - Browser Closed
2019-08-06 10:54:37 INFO  TestBase:32 - Initiate Browser
2019-08-06 10:56:22 INFO  TestBase:32 - Initiate Browser
2019-08-06 10:57:01 INFO  TestBase:32 - Initiate Browser
2019-08-06 10:57:28 INFO  TestBase:38 - Browser Initiated
2019-08-06 10:57:28 INFO  TestBase:49 - Test name: testGenderlInformation
2019-08-06 10:57:44 INFO  TestBase:70 - Executed test case name:testGenderlInformation Execution Results : [TestResult name=testGenderlInformation status=SUCCESS method=Tests.testGenderlInformation()[pri:0, instance:tests.Tests@7ce3cb8e] output={null}]
2019-08-06 10:57:44 INFO  TestBase:59 - Closing Browser
2019-08-06 10:57:47 INFO  TestBase:61 - Browser Closed
2019-08-06 13:51:40 INFO  TestBase:32 - Initiate Browser
2019-08-06 13:51:55 INFO  TestBase:38 - Browser Initiated
2019-08-06 13:51:55 INFO  TestBase:49 - Test name: testGenderlInformation
2019-08-06 13:51:57 INFO  TestBase:70 - Executed test case name:testGenderlInformation Execution Results : [TestResult name=testGenderlInformation status=SUCCESS method=Tests.testGenderlInformation()[pri:0, instance:tests.Tests@6ef888f6] output={null}]
2019-08-06 13:51:57 INFO  TestBase:59 - Closing Browser
2019-08-06 13:52:00 INFO  TestBase:61 - Browser Closed
2019-08-06 16:42:34 INFO  TestBase:32 - Initiate Browser
2019-08-06 16:42:45 INFO  TestBase:38 - Browser Initiated
2019-08-06 16:42:45 INFO  TestBase:50 - Test name: testGenderlInformation
2019-08-06 16:42:46 INFO  TestBase:71 - Executed test case name:testGenderlInformation Execution Results : [TestResult name=testGenderlInformation status=SUCCESS method=Tests.testGenderlInformation()[pri:0, instance:tests.Tests@7ce3cb8e] output={null}]
2019-08-06 16:42:46 INFO  TestBase:60 - Closing Browser
2019-08-06 16:42:49 INFO  TestBase:62 - Browser Closed
2019-08-06 16:43:31 INFO  TestBase:32 - Initiate Browser
2019-08-06 16:44:37 INFO  TestBase:32 - Initiate Browser
2019-08-06 16:44:49 INFO  TestBase:40 - Browser Initiated
2019-08-06 16:44:49 INFO  TestBase:52 - Test name: testGenderlInformation
2019-08-06 16:44:50 INFO  TestBase:73 - Executed test case name:testGenderlInformation Execution Results : [TestResult name=testGenderlInformation status=SUCCESS method=Tests.testGenderlInformation()[pri:0, instance:tests.Tests@7ce3cb8e] output={null}]
2019-08-06 16:44:51 INFO  TestBase:62 - Closing Browser
2019-08-06 16:44:56 INFO  TestBase:64 - Browser Closed
2019-08-06 16:47:01 INFO  TestBase:32 - Initiate Browser
2019-08-06 16:47:13 INFO  TestBase:40 - Browser Initiated
2019-08-06 16:47:13 INFO  TestBase:52 - Test name: testGenderlInformation
2019-08-06 16:47:15 INFO  TestBase:73 - Executed test case name:testGenderlInformation Execution Results : [TestResult name=testGenderlInformation status=SUCCESS method=Tests.testGenderlInformation()[pri:0, instance:tests.Tests@7ce3cb8e] output={null}]
2019-08-06 16:47:15 INFO  TestBase:62 - Closing Browser
2019-08-06 16:47:18 INFO  TestBase:64 - Browser Closed
2019-08-06 16:49:45 INFO  TestBase:32 - Initiate Browser
2019-08-06 16:50:34 INFO  TestBase:32 - Initiate Browser
2019-08-06 16:50:42 INFO  TestBase:40 - Browser Initiated
2019-08-06 16:50:42 INFO  TestBase:52 - Test name: testGenderlInformation
2019-08-06 16:50:43 INFO  TestBase:73 - Executed test case name:testGenderlInformation Execution Results : [TestResult name=testGenderlInformation status=SUCCESS method=Tests.testGenderlInformation()[pri:0, instance:tests.Tests@69b2283a] output={null}]
2019-08-06 16:50:43 INFO  TestBase:62 - Closing Browser
2019-08-06 16:50:44 INFO  TestBase:64 - Browser Closed
2019-08-06 16:54:57 INFO  TestBase:32 - Initiate Browser
2019-08-06 16:55:06 INFO  TestBase:40 - Browser Initiated
2019-08-06 16:55:06 INFO  TestBase:52 - Test name: testGenderlInformation
2019-08-06 16:55:07 INFO  TestBase:73 - Executed test case name:testGenderlInformation Execution Results : [TestResult name=testGenderlInformation status=SUCCESS method=Tests.testGenderlInformation()[pri:0, instance:tests.Tests@69b2283a] output={null}]
2019-08-06 16:55:07 INFO  TestBase:62 - Closing Browser
2019-08-06 16:55:08 INFO  TestBase:64 - Browser Closed
2019-08-06 16:55:31 INFO  TestBase:32 - Initiate Browser
2019-08-06 17:02:32 INFO  TestBase:32 - Initiate Browser
2019-08-06 17:02:41 INFO  TestBase:40 - Browser Initiated
2019-08-06 17:02:41 INFO  TestBase:52 - Test name: testGenderlInformation
2019-08-06 17:02:42 INFO  TestBase:73 - Executed test case name:testGenderlInformation Execution Results : [TestResult name=testGenderlInformation status=SUCCESS method=Tests.testGenderlInformation()[pri:0, instance:tests.Tests@48e4374] output={null}]
2019-08-06 17:02:42 INFO  TestBase:62 - Closing Browser
2019-08-06 17:02:43 INFO  TestBase:64 - Browser Closed
2019-08-07 10:42:29 INFO  TestBase:32 - Initiate Browser
2019-08-07 10:42:37 INFO  TestBase:40 - Browser Initiated
2019-08-07 10:42:37 INFO  TestBase:52 - Test name: testGenderlInformation
2019-08-07 10:42:39 INFO  TestBase:73 - Executed test case name:testGenderlInformation Execution Results : [TestResult name=testGenderlInformation status=SUCCESS method=Tests.testGenderlInformation()[pri:0, instance:tests.Tests@4a22f9e2] output={null}]
2019-08-07 10:42:39 INFO  TestBase:62 - Closing Browser
2019-08-07 10:42:40 INFO  TestBase:64 - Browser Closed
2019-08-07 10:44:13 INFO  TestBase:32 - Initiate Browser
2019-08-07 10:44:20 INFO  TestBase:40 - Browser Initiated
2019-08-07 10:44:20 INFO  TestBase:52 - Test name: testGenderlInformation
2019-08-07 10:44:21 INFO  TestBase:73 - Executed test case name:testGenderlInformation Execution Results : [TestResult name=testGenderlInformation status=FAILURE method=Tests.testGenderlInformation()[pri:0, instance:tests.Tests@3c130745] output={null}]
2019-08-07 11:00:53 INFO  TestBase:32 - Initiate Browser
2019-08-07 11:01:01 INFO  TestBase:40 - Browser Initiated
2019-08-07 11:01:01 INFO  TestBase:52 - Test name: testGenderlInformation
2019-08-07 11:01:02 INFO  TestBase:73 - Executed test case name:testGenderlInformation Execution Results : [TestResult name=testGenderlInformation status=SUCCESS method=Tests.testGenderlInformation()[pri:0, instance:tests.Tests@5ae50ce6] output={null}]
2019-08-07 11:01:02 INFO  TestBase:62 - Closing Browser
2019-08-07 11:01:03 INFO  TestBase:64 - Browser Closed
2019-08-07 11:24:19 INFO  TestBase:32 - Initiate Browser
2019-08-07 11:24:27 INFO  TestBase:40 - Browser Initiated
2019-08-07 11:24:27 INFO  TestBase:52 - Test name: testGenderlInformation
2019-08-07 11:24:29 INFO  TestBase:73 - Executed test case name:testGenderlInformation Execution Results : [TestResult name=testGenderlInformation status=SUCCESS method=Tests.testGenderlInformation()[pri:0, instance:tests.Tests@30ee2816] output={null}]
2019-08-07 11:24:29 INFO  TestBase:62 - Closing Browser
2019-08-07 11:24:29 INFO  TestBase:64 - Browser Closed
2019-08-07 11:33:58 INFO  TestBase:32 - Initiate Browser
2019-08-07 11:34:06 INFO  TestBase:40 - Browser Initiated
2019-08-07 11:34:06 INFO  TestBase:52 - Test name: testGenderlInformation
2019-08-07 11:34:07 INFO  TestBase:73 - Executed test case name:testGenderlInformation Execution Results : [TestResult name=testGenderlInformation status=SUCCESS method=Tests.testGenderlInformation()[pri:0, instance:tests.Tests@5bd03f44] output={null}]
2019-08-07 11:34:07 INFO  TestBase:62 - Closing Browser
2019-08-07 11:34:08 INFO  TestBase:64 - Browser Closed
2019-08-12 12:06:44 INFO  TestBase:32 - Initiate Browser
2019-08-12 12:07:02 INFO  TestBase:41 - Browser Initiated
2019-08-12 12:07:02 INFO  TestBase:53 - Test name: testGenderlInformation
2019-08-12 12:07:10 INFO  TestBase:75 - Executed test case name:testGenderlInformation Execution Results : [TestResult name=testGenderlInformation status=SUCCESS method=Tests.testGenderlInformation()[pri:0, instance:tests.Tests@2e4b8173] output={null}]
2019-08-12 12:07:10 INFO  TestBase:64 - Closing Browser
2019-08-12 12:07:10 INFO  TestBase:66 - Browser Closed
2019-08-12 12:09:25 INFO  TestBase:32 - Initiate Browser
2019-08-12 12:09:32 INFO  TestBase:41 - Browser Initiated
2019-08-12 12:09:32 INFO  TestBase:53 - Test name: testGenderlInformation
2019-08-12 12:09:32 INFO  TestBase:75 - Executed test case name:testGenderlInformation Execution Results : [TestResult name=testGenderlInformation status=FAILURE method=Tests.testGenderlInformation()[pri:0, instance:tests.Tests@5bd03f44] output={null}]
2019-08-12 12:09:33 INFO  TestBase:64 - Closing Browser
2019-08-12 12:09:33 INFO  TestBase:66 - Browser Closed
2019-08-12 13:58:25 INFO  TestBase:32 - Initiate Browser
2019-08-12 13:58:33 INFO  TestBase:41 - Browser Initiated
2019-08-12 13:58:33 INFO  TestBase:53 - Test name: testGenderlInformation
2019-08-12 13:58:34 INFO  TestBase:76 - Executed test case name:testGenderlInformation Execution Results : [TestResult name=testGenderlInformation status=FAILURE method=Tests.testGenderlInformation()[pri:0, instance:tests.Tests@3c419631] output={null}]
2019-08-12 13:58:34 INFO  TestBase:65 - Closing Browser
2019-08-12 13:58:35 INFO  TestBase:67 - Browser Closed
2019-08-12 16:19:24 INFO  TestBase:32 - Initiate Browser
2019-08-12 16:19:31 INFO  TestBase:41 - Browser Initiated
2019-08-12 16:19:31 INFO  TestBase:53 - Test name: testGenderlInformation
2019-08-12 16:19:31 INFO  TestBase:83 - Executed test case name:testGenderlInformation Execution Results : [TestResult name=testGenderlInformation status=FAILURE method=Tests.testGenderlInformation()[pri:0, instance:tests.Tests@3c130745] output={null}]
2019-08-12 16:19:31 INFO  TestBase:72 - Closing Browser
2019-08-12 16:19:32 INFO  TestBase:74 - Browser Closed
2019-08-12 16:22:18 INFO  TestBase:32 - Initiate Browser
2019-08-12 16:22:25 INFO  TestBase:41 - Browser Initiated
2019-08-12 16:22:25 INFO  TestBase:53 - Test name: testGenderlInformation
2019-08-12 16:22:26 INFO  TestBase:81 - Executed test case name:testGenderlInformation Execution Results : [TestResult name=testGenderlInformation status=FAILURE method=Tests.testGenderlInformation()[pri:0, instance:tests.Tests@3c130745] output={null}]
2019-08-12 16:22:26 INFO  TestBase:70 - Closing Browser
2019-08-12 16:22:27 INFO  TestBase:72 - Browser Closed
2019-08-12 16:25:50 INFO  TestBase:32 - Initiate Browser
2019-08-12 16:25:57 INFO  TestBase:41 - Browser Initiated
2019-08-12 16:25:57 INFO  TestBase:53 - Test name: testGenderlInformation
2019-08-12 16:25:58 INFO  TestBase:81 - Executed test case name:testGenderlInformation Execution Results : [TestResult name=testGenderlInformation status=FAILURE method=Tests.testGenderlInformation()[pri:0, instance:tests.Tests@3c130745] output={null}]
2019-08-12 16:25:58 INFO  TestBase:70 - Closing Browser
2019-08-12 16:25:59 INFO  TestBase:72 - Browser Closed
2019-08-12 16:27:16 INFO  TestBase:32 - Initiate Browser
2019-08-12 16:27:23 INFO  TestBase:41 - Browser Initiated
2019-08-12 16:27:23 INFO  TestBase:53 - Test name: testGenderlInformation
2019-08-12 16:27:24 INFO  TestBase:81 - Executed test case name:testGenderlInformation Execution Results : [TestResult name=testGenderlInformation status=FAILURE method=Tests.testGenderlInformation()[pri:0, instance:tests.Tests@3c130745] output={null}]
2019-08-12 16:27:24 INFO  TestBase:70 - Closing Browser
2019-08-12 16:27:25 INFO  TestBase:72 - Browser Closed
2019-08-12 16:29:10 INFO  TestBase:32 - Initiate Browser
2019-08-12 16:29:17 INFO  TestBase:41 - Browser Initiated
2019-08-12 16:29:17 INFO  TestBase:53 - Test name: testGenderlInformation
2019-08-12 16:29:18 INFO  TestBase:81 - Executed test case name:testGenderlInformation Execution Results : [TestResult name=testGenderlInformation status=SUCCESS method=Tests.testGenderlInformation()[pri:0, instance:tests.Tests@3c130745] output={null}]
2019-08-12 16:29:18 INFO  TestBase:70 - Closing Browser
2019-08-12 16:29:19 INFO  TestBase:72 - Browser Closed
2019-08-12 16:32:11 INFO  TestBase:32 - Initiate Browser
2019-08-12 16:32:18 INFO  TestBase:41 - Browser Initiated
2019-08-12 16:32:18 INFO  TestBase:53 - Test name: testGenderlInformation
2019-08-12 16:32:19 INFO  TestBase:81 - Executed test case name:testGenderlInformation Execution Results : [TestResult name=testGenderlInformation status=SUCCESS method=Tests.testGenderlInformation()[pri:0, instance:tests.Tests@3c130745] output={null}]
2019-08-12 16:32:19 INFO  TestBase:70 - Closing Browser
2019-08-12 16:32:20 INFO  TestBase:72 - Browser Closed
2019-08-12 16:33:15 INFO  TestBase:32 - Initiate Browser
2019-08-12 16:33:21 INFO  TestBase:41 - Browser Initiated
2019-08-12 16:33:22 INFO  TestBase:53 - Test name: testGenderlInformation
2019-08-12 16:33:23 INFO  TestBase:81 - Executed test case name:testGenderlInformation Execution Results : [TestResult name=testGenderlInformation status=SUCCESS method=Tests.testGenderlInformation()[pri:0, instance:tests.Tests@4a22f9e2] output={null}]
2019-08-12 16:33:23 INFO  TestBase:70 - Closing Browser
2019-08-12 16:33:24 INFO  TestBase:72 - Browser Closed
2019-08-12 16:33:27 INFO  TestBase:74 - Email successfully Send
2019-08-12 16:51:36 INFO  TestBase:32 - Initiate Browser
2019-08-12 16:51:43 INFO  TestBase:41 - Browser Initiated
2019-08-12 16:51:43 INFO  TestBase:53 - Test name: testGenderlInformation
2019-08-12 16:51:44 INFO  TestBase:81 - Executed test case name:testGenderlInformation Execution Results : [TestResult name=testGenderlInformation status=SUCCESS method=Tests.testGenderlInformation()[pri:0, instance:tests.Tests@3f57bcad] output={null}]
2019-08-12 16:51:44 INFO  TestBase:70 - Closing Browser
2019-08-12 16:51:45 INFO  TestBase:72 - Browser Closed
2019-08-12 16:55:14 INFO  TestBase:32 - Initiate Browser
2019-08-12 16:55:21 INFO  TestBase:41 - Browser Initiated
2019-08-12 16:55:21 INFO  TestBase:53 - Test name: testGenderlInformation
2019-08-12 16:55:22 INFO  TestBase:81 - Executed test case name:testGenderlInformation Execution Results : [TestResult name=testGenderlInformation status=SUCCESS method=Tests.testGenderlInformation()[pri:0, instance:tests.Tests@3c130745] output={null}]
2019-08-12 16:55:22 INFO  TestBase:70 - Closing Browser
2019-08-12 16:55:23 INFO  TestBase:72 - Browser Closed
2019-08-12 16:55:46 INFO  TestBase:32 - Initiate Browser
2019-08-12 16:55:53 INFO  TestBase:41 - Browser Initiated
2019-08-12 16:55:53 INFO  TestBase:53 - Test name: testGenderlInformation
2019-08-12 16:55:54 INFO  TestBase:81 - Executed test case name:testGenderlInformation Execution Results : [TestResult name=testGenderlInformation status=SUCCESS method=Tests.testGenderlInformation()[pri:0, instance:tests.Tests@3c130745] output={null}]
2019-08-12 16:55:54 INFO  TestBase:70 - Closing Browser
2019-08-12 16:55:54 INFO  TestBase:72 - Browser Closed
2019-08-13 10:25:13 INFO  TestBase:32 - Initiate Browser
2019-08-13 10:25:24 INFO  TestBase:41 - Browser Initiated
2019-08-13 10:25:24 INFO  TestBase:53 - Test name: testGenderlInformation
2019-08-13 10:25:26 INFO  TestBase:81 - Executed test case name:testGenderlInformation Execution Results : [TestResult name=testGenderlInformation status=SUCCESS method=Tests.testGenderlInformation()[pri:0, instance:tests.Tests@3ba9ad43] output={null}]
2019-08-13 10:25:26 INFO  TestBase:70 - Closing Browser
2019-08-13 10:25:26 INFO  TestBase:72 - Browser Closed
2019-08-13 10:42:51 INFO  TestBase:32 - Initiate Browser
2019-08-13 10:42:59 INFO  TestBase:41 - Browser Initiated
2019-08-13 10:42:59 INFO  TestBase:53 - Test name: testGenderlInformation
2019-08-13 10:43:01 INFO  TestBase:81 - Executed test case name:testGenderlInformation Execution Results : [TestResult name=testGenderlInformation status=SUCCESS method=Tests.testGenderlInformation()[pri:0, instance:tests.Tests@3c419631] output={null}]
2019-08-13 10:43:01 INFO  TestBase:70 - Closing Browser
2019-08-13 10:43:02 INFO  TestBase:72 - Browser Closed
2019-08-13 12:20:05 INFO  TestBase:32 - Initiate Browser
2019-08-13 14:12:31 INFO  TestBase:32 - Initiate Browser
2019-08-13 14:23:09 INFO  TestBase:32 - Initiate Browser
2019-08-13 14:23:16 INFO  TestBase:41 - Browser Initiated
2019-08-13 14:23:16 INFO  TestBase:53 - Test name: testGenderlInformation
2019-08-13 14:23:18 INFO  TestBase:81 - Executed test case name:testGenderlInformation Execution Results : [TestResult name=testGenderlInformation status=SUCCESS method=Tests.testGenderlInformation()[pri:0, instance:tests.Tests@3c130745] output={null}]
2019-08-13 14:23:18 INFO  TestBase:70 - Closing Browser
2019-08-13 14:23:18 INFO  TestBase:72 - Browser Closed
2019-08-13 14:23:44 INFO  TestBase:32 - Initiate Browser
2019-08-13 14:23:51 INFO  TestBase:41 - Browser Initiated
2019-08-13 14:23:51 INFO  TestBase:53 - Test name: testGenderlInformation
2019-08-13 14:23:52 INFO  TestBase:81 - Executed test case name:testGenderlInformation Execution Results : [TestResult name=testGenderlInformation status=SUCCESS method=Tests.testGenderlInformation()[pri:0, instance:tests.Tests@3c130745] output={null}]
2019-08-13 14:23:52 INFO  TestBase:70 - Closing Browser
2019-08-13 14:23:53 INFO  TestBase:72 - Browser Closed
2019-08-13 14:25:21 INFO  TestBase:32 - Initiate Browser
2019-08-13 14:25:28 INFO  TestBase:41 - Browser Initiated
2019-08-13 14:25:28 INFO  TestBase:53 - Test name: testGenderlInformation
2019-08-13 14:25:29 INFO  TestBase:81 - Executed test case name:testGenderlInformation Execution Results : [TestResult name=testGenderlInformation status=SUCCESS method=Tests.testGenderlInformation()[pri:0, instance:tests.Tests@3c130745] output={null}]
2019-08-13 14:25:29 INFO  TestBase:70 - Closing Browser
2019-08-13 14:25:30 INFO  TestBase:72 - Browser Closed
2019-08-13 14:25:58 INFO  TestBase:32 - Initiate Browser
2019-08-13 14:26:05 INFO  TestBase:41 - Browser Initiated
2019-08-13 14:26:05 INFO  TestBase:53 - Test name: testGenderlInformation
2019-08-13 14:26:06 INFO  TestBase:81 - Executed test case name:testGenderlInformation Execution Results : [TestResult name=testGenderlInformation status=SUCCESS method=Tests.testGenderlInformation()[pri:0, instance:tests.Tests@3c130745] output={null}]
2019-08-13 14:26:06 INFO  TestBase:70 - Closing Browser
2019-08-13 14:26:07 INFO  TestBase:72 - Browser Closed
2019-08-15 13:34:18 INFO  TestBase:32 - Initiate Browser
2019-08-15 15:24:01 INFO  TestBase:32 - Initiate Browser
2019-08-15 15:24:09 INFO  TestBase:41 - Browser Initiated
2019-08-15 15:24:09 INFO  TestBase:53 - Test name: testGenderlInformation
2019-08-15 15:24:10 INFO  TestBase:81 - Executed test case name:testGenderlInformation Execution Results : [TestResult name=testGenderlInformation status=FAILURE method=Tests.testGenderlInformation()[pri:0, instance:tests.Tests@48e4374] output={null}]
2019-08-15 15:24:10 INFO  TestBase:70 - Closing Browser
2019-08-15 15:24:11 INFO  TestBase:72 - Browser Closed
2019-08-15 15:41:31 INFO  TestBase:32 - Initiate Browser
2019-08-15 15:41:38 INFO  TestBase:41 - Browser Initiated
2019-08-15 15:41:38 INFO  TestBase:53 - Test name: testGenderlInformation
2019-08-15 15:41:38 INFO  TestBase:81 - Executed test case name:testGenderlInformation Execution Results : [TestResult name=testGenderlInformation status=FAILURE method=Tests.testGenderlInformation()[pri:0, instance:tests.Tests@4a22f9e2] output={null}]
2019-08-15 15:41:39 INFO  TestBase:70 - Closing Browser
2019-08-15 15:41:39 INFO  TestBase:72 - Browser Closed
2019-08-16 09:15:54 INFO  TestBase:32 - Initiate Browser
2019-08-16 09:16:05 INFO  TestBase:41 - Browser Initiated
2019-08-16 09:16:05 INFO  TestBase:53 - Test name: testGenderlInformation
2019-08-16 09:16:08 INFO  TestBase:81 - Executed test case name:testGenderlInformation Execution Results : [TestResult name=testGenderlInformation status=FAILURE method=Tests.testGenderlInformation()[pri:1, instance:tests.Tests@3c419631] output={null}]
2019-08-16 09:16:09 INFO  TestBase:70 - Closing Browser
2019-08-16 09:16:09 INFO  TestBase:72 - Browser Closed
2019-08-16 13:21:13 INFO  TestBase:32 - Initiate Browser
2019-08-16 13:21:23 INFO  TestBase:41 - Browser Initiated
2019-08-16 13:21:23 INFO  TestBase:53 - Test name: testGenderlInformation
2019-08-16 13:21:24 INFO  TestBase:81 - Executed test case name:testGenderlInformation Execution Results : [TestResult name=testGenderlInformation status=FAILURE method=Tests.testGenderlInformation()[pri:1, instance:tests.Tests@2e4b8173] output={null}]
2019-08-16 13:21:25 INFO  TestBase:70 - Closing Browser
2019-08-16 13:21:26 INFO  TestBase:72 - Browser Closed
2019-08-16 13:21:54 INFO  TestBase:32 - Initiate Browser
2019-08-16 13:22:03 INFO  TestBase:41 - Browser Initiated
2019-08-16 13:22:03 INFO  TestBase:53 - Test name: testGenderlInformation
2019-08-16 13:22:06 INFO  TestBase:81 - Executed test case name:testGenderlInformation Execution Results : [TestResult name=testGenderlInformation status=FAILURE method=Tests.testGenderlInformation()[pri:1, instance:tests.Tests@2e4b8173] output={null}]
2019-08-16 13:22:06 INFO  TestBase:70 - Closing Browser
2019-08-16 13:22:07 INFO  TestBase:72 - Browser Closed
2019-08-16 13:25:01 INFO  TestBase:32 - Initiate Browser
2019-08-16 13:25:10 INFO  TestBase:41 - Browser Initiated
2019-08-16 13:25:10 INFO  TestBase:53 - Test name: testGenderlInformation
2019-08-16 13:25:12 INFO  TestBase:81 - Executed test case name:testGenderlInformation Execution Results : [TestResult name=testGenderlInformation status=FAILURE method=Tests.testGenderlInformation()[pri:1, instance:tests.Tests@2e4b8173] output={null}]
2019-08-16 13:25:13 INFO  TestBase:70 - Closing Browser
2019-08-16 13:25:13 INFO  TestBase:72 - Browser Closed
2019-08-16 13:26:10 INFO  TestBase:32 - Initiate Browser
2019-08-16 13:26:19 INFO  TestBase:41 - Browser Initiated
2019-08-16 13:26:19 INFO  TestBase:53 - Test name: testGenderlInformation
2019-08-16 13:26:21 INFO  TestBase:81 - Executed test case name:testGenderlInformation Execution Results : [TestResult name=testGenderlInformation status=FAILURE method=Tests.testGenderlInformation()[pri:1, instance:tests.Tests@2e4b8173] output={null}]
2019-08-16 13:26:21 INFO  TestBase:70 - Closing Browser
2019-08-16 13:26:22 INFO  TestBase:72 - Browser Closed
2019-08-16 13:27:06 INFO  TestBase:32 - Initiate Browser
2019-08-16 13:27:15 INFO  TestBase:41 - Browser Initiated
2019-08-16 13:27:15 INFO  TestBase:53 - Test name: testGenderlInformation
2019-08-16 13:27:17 INFO  TestBase:81 - Executed test case name:testGenderlInformation Execution Results : [TestResult name=testGenderlInformation status=FAILURE method=Tests.testGenderlInformation()[pri:1, instance:tests.Tests@2e4b8173] output={null}]
2019-08-16 13:27:18 INFO  TestBase:70 - Closing Browser
2019-08-16 13:27:18 INFO  TestBase:72 - Browser Closed
2019-08-16 13:29:07 INFO  TestBase:32 - Initiate Browser
2019-08-16 13:29:16 INFO  TestBase:41 - Browser Initiated
2019-08-16 13:29:16 INFO  TestBase:53 - Test name: testGenderlInformation
2019-08-16 13:29:19 INFO  TestBase:81 - Executed test case name:testGenderlInformation Execution Results : [TestResult name=testGenderlInformation status=FAILURE method=Tests.testGenderlInformation()[pri:1, instance:tests.Tests@2e4b8173] output={null}]
2019-08-16 13:29:19 INFO  TestBase:70 - Closing Browser
2019-08-16 13:29:20 INFO  TestBase:72 - Browser Closed
2019-08-16 13:31:08 INFO  TestBase:32 - Initiate Browser
2019-08-16 13:31:18 INFO  TestBase:41 - Browser Initiated
2019-08-16 13:31:18 INFO  TestBase:53 - Test name: testGenderlInformation
2019-08-16 13:31:21 INFO  TestBase:81 - Executed test case name:testGenderlInformation Execution Results : [TestResult name=testGenderlInformation status=FAILURE method=Tests.testGenderlInformation()[pri:1, instance:tests.Tests@2e4b8173] output={null}]
2019-08-16 13:31:21 INFO  TestBase:70 - Closing Browser
2019-08-16 13:31:22 INFO  TestBase:72 - Browser Closed
2019-08-16 13:42:02 INFO  TestBase:32 - Initiate Browser
2019-08-16 13:42:12 INFO  TestBase:41 - Browser Initiated
2019-08-16 13:42:12 INFO  TestBase:53 - Test name: testGenderlInformation
2019-08-16 13:42:15 INFO  TestBase:81 - Executed test case name:testGenderlInformation Execution Results : [TestResult name=testGenderlInformation status=FAILURE method=Tests.testGenderlInformation()[pri:1, instance:tests.Tests@2e4b8173] output={null}]
2019-08-16 13:42:16 INFO  TestBase:70 - Closing Browser
2019-08-16 13:42:16 INFO  TestBase:72 - Browser Closed
2019-08-16 13:51:49 INFO  TestBase:32 - Initiate Browser
2019-08-16 13:51:58 INFO  TestBase:41 - Browser Initiated
2019-08-16 13:51:58 INFO  TestBase:53 - Test name: testGenderlInformation
2019-08-16 13:52:00 INFO  TestBase:81 - Executed test case name:testGenderlInformation Execution Results : [TestResult name=testGenderlInformation status=FAILURE method=Tests.testGenderlInformation()[pri:1, instance:tests.Tests@2e4b8173] output={null}]
2019-08-16 13:52:01 INFO  TestBase:70 - Closing Browser
2019-08-16 13:52:02 INFO  TestBase:72 - Browser Closed
2019-08-16 13:52:58 INFO  TestBase:32 - Initiate Browser
2019-08-16 13:53:08 INFO  TestBase:41 - Browser Initiated
2019-08-16 13:53:08 INFO  TestBase:53 - Test name: testGenderlInformation
2019-08-16 13:53:11 INFO  TestBase:81 - Executed test case name:testGenderlInformation Execution Results : [TestResult name=testGenderlInformation status=FAILURE method=Tests.testGenderlInformation()[pri:1, instance:tests.Tests@2e4b8173] output={null}]
2019-08-16 13:53:12 INFO  TestBase:70 - Closing Browser
2019-08-16 13:53:13 INFO  TestBase:72 - Browser Closed
2019-08-16 13:57:58 INFO  TestBase:32 - Initiate Browser
2019-08-16 13:58:06 INFO  TestBase:41 - Browser Initiated
2019-08-16 13:58:06 INFO  TestBase:53 - Test name: testGenderlInformation
2019-08-16 13:58:09 INFO  TestBase:81 - Executed test case name:testGenderlInformation Execution Results : [TestResult name=testGenderlInformation status=FAILURE method=Tests.testGenderlInformation()[pri:1, instance:tests.Tests@2e4b8173] output={null}]
2019-08-16 13:58:10 INFO  TestBase:70 - Closing Browser
2019-08-16 13:58:10 INFO  TestBase:72 - Browser Closed
2019-08-19 09:52:42 INFO  TestBase:32 - Initiate Browser
2019-08-19 09:52:52 INFO  TestBase:41 - Browser Initiated
2019-08-19 09:52:52 INFO  TestBase:53 - Test name: testGenderlInformation
2019-08-19 09:52:53 INFO  TestBase:81 - Executed test case name:testGenderlInformation Execution Results : [TestResult name=testGenderlInformation status=FAILURE method=Tests.testGenderlInformation()[pri:1, instance:tests.Tests@1622f1b] output={null}]
2019-08-19 09:52:53 INFO  TestBase:70 - Closing Browser
2019-08-19 09:52:54 INFO  TestBase:72 - Browser Closed
2019-08-19 09:54:33 INFO  TestBase:32 - Initiate Browser
2019-08-19 09:54:41 INFO  TestBase:41 - Browser Initiated
2019-08-19 09:54:41 INFO  TestBase:53 - Test name: testGenderlInformation
2019-08-19 09:54:44 INFO  TestBase:81 - Executed test case name:testGenderlInformation Execution Results : [TestResult name=testGenderlInformation status=FAILURE method=Tests.testGenderlInformation()[pri:1, instance:tests.Tests@2e4b8173] output={null}]
2019-08-19 09:54:45 INFO  TestBase:70 - Closing Browser
2019-08-19 09:54:45 INFO  TestBase:72 - Browser Closed
2019-10-11 11:10:29 INFO  TestBase:32 - Initiate Browser
2019-10-11 11:10:48 INFO  TestBase:41 - Browser Initiated
2019-10-11 11:10:48 INFO  TestBase:53 - Test name: testGenderlInformation
2019-10-11 11:10:52 INFO  TestBase:81 - Executed test case name:testGenderlInformation Execution Results : [TestResult name=testGenderlInformation status=FAILURE method=Tests.testGenderlInformation()[pri:1, instance:tests.Tests@61230f6a] output={null}]
2019-10-11 11:10:52 INFO  TestBase:70 - Closing Browser
2019-10-11 11:10:53 INFO  TestBase:72 - Browser Closed
2019-12-18 16:32:31 INFO  TestBase:32 - Initiate Browser
2019-12-18 16:32:49 INFO  TestBase:41 - Browser Initiated
2019-12-18 16:32:49 INFO  TestBase:53 - Test name: testGenderlInformation
2019-12-18 16:32:50 INFO  TestBase:80 - Executed test case name:testGenderlInformation Execution Results : [TestResult name=testGenderlInformation status=FAILURE method=Tests.testGenderlInformation()[pri:1, instance:tests.Tests@703580bf] output={null}]
2019-12-18 16:32:50 INFO  TestBase:70 - Closing Browser
2019-12-18 16:32:51 INFO  TestBase:72 - Browser Closed
2019-12-18 16:33:09 INFO  TestBase:32 - Initiate Browser
2019-12-18 16:33:24 INFO  TestBase:41 - Browser Initiated
2019-12-18 16:33:24 INFO  TestBase:53 - Test name: testGenderlInformation
2019-12-18 16:33:25 INFO  TestBase:80 - Executed test case name:testGenderlInformation Execution Results : [TestResult name=testGenderlInformation status=SUCCESS method=Tests.testGenderlInformation()[pri:1, instance:tests.Tests@703580bf] output={null}]
2019-12-18 16:33:25 INFO  TestBase:70 - Closing Browser
2019-12-18 16:33:27 INFO  TestBase:72 - Browser Closed
2019-12-18 17:17:18 INFO  TestBase:32 - Initiate Browser
2019-12-18 17:17:32 INFO  TestBase:41 - Browser Initiated
2019-12-18 17:17:32 INFO  TestBase:53 - Test name: SaveUserTest
2019-12-18 17:17:34 INFO  TestBase:80 - Executed test case name:SaveUserTest Execution Results : [TestResult name=SaveUserTest status=FAILURE method=AdminAddUserTest.SaveUserTest()[pri:1, instance:tests.AdminAddUserTest@1622f1b] output={null}]
2019-12-18 17:17:35 INFO  TestBase:70 - Closing Browser
2019-12-18 17:17:35 INFO  TestBase:72 - Browser Closed
2019-12-18 17:17:58 INFO  TestBase:32 - Initiate Browser
2019-12-18 17:18:12 INFO  TestBase:41 - Browser Initiated
2019-12-18 17:18:12 INFO  TestBase:53 - Test name: SaveUserTest
2019-12-18 17:18:14 INFO  TestBase:80 - Executed test case name:SaveUserTest Execution Results : [TestResult name=SaveUserTest status=FAILURE method=AdminAddUserTest.SaveUserTest()[pri:1, instance:tests.AdminAddUserTest@1622f1b] output={null}]
2019-12-18 17:18:14 INFO  TestBase:70 - Closing Browser
2019-12-18 17:18:15 INFO  TestBase:72 - Browser Closed
2019-12-18 17:18:55 INFO  TestBase:32 - Initiate Browser
2019-12-18 17:19:09 INFO  TestBase:41 - Browser Initiated
2019-12-18 17:19:09 INFO  TestBase:53 - Test name: testGenderlInformation
2019-12-18 17:19:12 INFO  TestBase:80 - Executed test case name:testGenderlInformation Execution Results : [TestResult name=testGenderlInformation status=SUCCESS method=Tests.testGenderlInformation()[pri:1, instance:tests.Tests@470f1802] output={null}]
2019-12-18 17:19:12 INFO  TestBase:70 - Closing Browser
2019-12-18 17:19:12 INFO  TestBase:72 - Browser Closed
2019-12-18 17:19:24 INFO  TestBase:32 - Initiate Browser
2019-12-18 17:19:38 INFO  TestBase:41 - Browser Initiated
2019-12-18 17:19:38 INFO  TestBase:53 - Test name: SaveUserTest
2019-12-18 17:19:40 INFO  TestBase:80 - Executed test case name:SaveUserTest Execution Results : [TestResult name=SaveUserTest status=SUCCESS method=AdminAddUserTest.SaveUserTest()[pri:1, instance:tests.AdminAddUserTest@470f1802] output={null}]
2019-12-18 17:19:40 INFO  TestBase:70 - Closing Browser
2019-12-18 17:19:41 INFO  TestBase:72 - Browser Closed
2019-12-18 17:21:43 INFO  TestBase:32 - Initiate Browser
2019-12-18 17:21:57 INFO  TestBase:41 - Browser Initiated
2019-12-18 17:21:57 INFO  TestBase:53 - Test name: SaveUserTest
2019-12-18 17:22:03 INFO  TestBase:80 - Executed test case name:SaveUserTest Execution Results : [TestResult name=SaveUserTest status=SUCCESS method=AdminAddUserTest.SaveUserTest()[pri:1, instance:tests.AdminAddUserTest@470f1802] output={null}]
2019-12-18 17:22:03 INFO  TestBase:70 - Closing Browser
2019-12-18 17:22:04 INFO  TestBase:72 - Browser Closed
2019-12-18 20:21:12 INFO  TestBase:32 - Initiate Browser
2019-12-18 20:21:26 INFO  TestBase:41 - Browser Initiated
2019-12-18 20:21:26 INFO  TestBase:53 - Test name: addUserTest
2019-12-18 20:21:26 INFO  TestBase:80 - Executed test case name:addUserTest Execution Results : [TestResult name=addUserTest status=FAILURE method=AddUserAdminTest.addUserTest()[pri:1, instance:tests.AddUserAdminTest@3e92efc3] output={null}]
2019-12-18 20:21:26 INFO  TestBase:70 - Closing Browser
2019-12-18 20:21:27 INFO  TestBase:72 - Browser Closed
2019-12-18 20:23:18 INFO  TestBase:32 - Initiate Browser
2019-12-18 20:23:31 INFO  TestBase:41 - Browser Initiated
2019-12-18 20:23:31 INFO  TestBase:53 - Test name: addUserTest
2019-12-18 20:23:31 INFO  TestBase:80 - Executed test case name:addUserTest Execution Results : [TestResult name=addUserTest status=FAILURE method=AddUserAdminTest.addUserTest()[pri:1, instance:tests.AddUserAdminTest@3e92efc3] output={null}]
2019-12-18 20:23:32 INFO  TestBase:70 - Closing Browser
2019-12-18 20:23:32 INFO  TestBase:72 - Browser Closed
2019-12-18 20:25:21 INFO  TestBase:32 - Initiate Browser
2019-12-18 20:25:34 INFO  TestBase:41 - Browser Initiated
2019-12-18 20:25:34 INFO  TestBase:53 - Test name: addUserTest
2019-12-18 20:25:34 INFO  TestBase:80 - Executed test case name:addUserTest Execution Results : [TestResult name=addUserTest status=FAILURE method=AddUserAdminTest.addUserTest()[pri:1, instance:tests.AddUserAdminTest@3e92efc3] output={null}]
2019-12-18 20:25:34 INFO  TestBase:70 - Closing Browser
2019-12-18 20:25:35 INFO  TestBase:72 - Browser Closed
2019-12-18 20:28:08 INFO  TestBase:32 - Initiate Browser
2019-12-18 20:28:22 INFO  TestBase:41 - Browser Initiated
2019-12-18 20:28:22 INFO  TestBase:53 - Test name: addUserTest
2019-12-18 20:28:27 INFO  TestBase:80 - Executed test case name:addUserTest Execution Results : [TestResult name=addUserTest status=FAILURE method=AddUserAdminTest.addUserTest()[pri:1, instance:tests.AddUserAdminTest@3e92efc3] output={null}]
2019-12-18 20:28:27 INFO  TestBase:70 - Closing Browser
2019-12-18 20:28:28 INFO  TestBase:72 - Browser Closed
2019-12-18 20:33:51 INFO  TestBase:32 - Initiate Browser
2019-12-18 20:34:04 INFO  TestBase:41 - Browser Initiated
2019-12-18 20:34:04 INFO  TestBase:53 - Test name: addUserTest
2019-12-18 20:34:06 INFO  TestBase:80 - Executed test case name:addUserTest Execution Results : [TestResult name=addUserTest status=FAILURE method=AddUserAdminTest.addUserTest()[pri:1, instance:tests.AddUserAdminTest@3e92efc3] output={null}]
2019-12-18 20:34:07 INFO  TestBase:70 - Closing Browser
2019-12-18 20:34:08 INFO  TestBase:72 - Browser Closed
2019-12-18 20:38:21 INFO  TestBase:32 - Initiate Browser
2019-12-18 20:38:34 INFO  TestBase:41 - Browser Initiated
2019-12-18 20:38:34 INFO  TestBase:53 - Test name: addUserTest
2019-12-18 20:38:36 INFO  TestBase:80 - Executed test case name:addUserTest Execution Results : [TestResult name=addUserTest status=FAILURE method=AddUserAdminTest.addUserTest()[pri:1, instance:tests.AddUserAdminTest@3e92efc3] output={null}]
2019-12-18 20:38:38 INFO  TestBase:70 - Closing Browser
2019-12-18 20:38:38 INFO  TestBase:72 - Browser Closed
2019-12-18 20:42:34 INFO  TestBase:32 - Initiate Browser
2019-12-18 20:42:47 INFO  TestBase:41 - Browser Initiated
2019-12-18 20:42:47 INFO  TestBase:53 - Test name: addUserTest
2019-12-18 20:42:50 INFO  TestBase:80 - Executed test case name:addUserTest Execution Results : [TestResult name=addUserTest status=FAILURE method=AddUserAdminTest.addUserTest()[pri:1, instance:tests.AddUserAdminTest@3e92efc3] output={null}]
2019-12-18 20:42:51 INFO  TestBase:70 - Closing Browser
2019-12-18 20:42:51 INFO  TestBase:72 - Browser Closed
2019-12-18 20:43:13 INFO  TestBase:32 - Initiate Browser
2019-12-18 20:43:26 INFO  TestBase:41 - Browser Initiated
2019-12-18 20:43:26 INFO  TestBase:53 - Test name: SaveUserTest
2019-12-18 20:43:28 INFO  TestBase:80 - Executed test case name:SaveUserTest Execution Results : [TestResult name=SaveUserTest status=FAILURE method=AdminAddUserTest.SaveUserTest()[pri:1, instance:tests.AdminAddUserTest@3e92efc3] output={null}]
2019-12-18 20:43:30 INFO  TestBase:70 - Closing Browser
2019-12-18 20:43:30 INFO  TestBase:72 - Browser Closed
2019-12-18 20:44:55 INFO  TestBase:32 - Initiate Browser
2019-12-18 20:45:08 INFO  TestBase:41 - Browser Initiated
2019-12-18 20:45:08 INFO  TestBase:53 - Test name: addUserTest
2019-12-18 20:45:10 INFO  TestBase:80 - Executed test case name:addUserTest Execution Results : [TestResult name=addUserTest status=FAILURE method=AddUserAdminTest.addUserTest()[pri:1, instance:tests.AddUserAdminTest@3e92efc3] output={null}]
2019-12-18 20:45:12 INFO  TestBase:70 - Closing Browser
2019-12-18 20:45:13 INFO  TestBase:72 - Browser Closed
2019-12-18 21:11:29 INFO  TestBase:32 - Initiate Browser
2019-12-18 21:11:42 INFO  TestBase:41 - Browser Initiated
2019-12-18 21:11:42 INFO  TestBase:53 - Test name: addTest
2019-12-18 21:11:44 INFO  TestBase:80 - Executed test case name:addTest Execution Results : [TestResult name=addTest status=FAILURE method=AddTest.addTest()[pri:1, instance:tests.AddTest@3e92efc3] output={null}]
2019-12-18 21:11:45 INFO  TestBase:70 - Closing Browser
2019-12-18 21:11:46 INFO  TestBase:72 - Browser Closed
2019-12-19 08:55:49 INFO  TestBase:32 - Initiate Browser
2019-12-19 08:56:06 INFO  TestBase:41 - Browser Initiated
2019-12-19 08:56:06 INFO  TestBase:53 - Test name: addUserTest
2019-12-19 08:56:20 INFO  TestBase:80 - Executed test case name:addUserTest Execution Results : [TestResult name=addUserTest status=FAILURE method=AddUserAdminTest.addUserTest()[pri:1, instance:tests.AddUserAdminTest@1622f1b] output={null}]
2019-12-19 08:56:20 INFO  TestBase:70 - Closing Browser
2019-12-19 08:56:21 INFO  TestBase:72 - Browser Closed
2019-12-19 08:57:27 INFO  TestBase:32 - Initiate Browser
2019-12-19 08:57:43 INFO  TestBase:41 - Browser Initiated
2019-12-19 08:57:43 INFO  TestBase:53 - Test name: addUserTest
2019-12-19 08:57:55 INFO  TestBase:80 - Executed test case name:addUserTest Execution Results : [TestResult name=addUserTest status=FAILURE method=AddUserAdminTest.addUserTest()[pri:1, instance:tests.AddUserAdminTest@1622f1b] output={null}]
2019-12-19 08:57:56 INFO  TestBase:70 - Closing Browser
2019-12-19 08:57:56 INFO  TestBase:72 - Browser Closed
2019-12-19 09:02:05 INFO  TestBase:32 - Initiate Browser
2019-12-19 09:02:23 INFO  TestBase:41 - Browser Initiated
2019-12-19 09:02:23 INFO  TestBase:53 - Test name: addUserTest
2019-12-19 09:02:38 INFO  TestBase:80 - Executed test case name:addUserTest Execution Results : [TestResult name=addUserTest status=FAILURE method=AddUserAdminTest.addUserTest()[pri:1, instance:tests.AddUserAdminTest@1622f1b] output={null}]
2019-12-19 09:02:38 INFO  TestBase:70 - Closing Browser
2019-12-19 09:02:39 INFO  TestBase:72 - Browser Closed
2019-12-19 09:05:02 INFO  TestBase:32 - Initiate Browser
2019-12-19 09:05:17 INFO  TestBase:41 - Browser Initiated
2019-12-19 09:05:17 INFO  TestBase:53 - Test name: addUserTest
2019-12-19 09:05:24 INFO  TestBase:80 - Executed test case name:addUserTest Execution Results : [TestResult name=addUserTest status=FAILURE method=AddUserAdminTest.addUserTest()[pri:1, instance:tests.AddUserAdminTest@1622f1b] output={null}]
2019-12-19 09:05:25 INFO  TestBase:70 - Closing Browser
2019-12-19 09:05:25 INFO  TestBase:72 - Browser Closed
2019-12-19 09:05:51 INFO  TestBase:32 - Initiate Browser
2019-12-19 09:06:06 INFO  TestBase:41 - Browser Initiated
2019-12-19 09:06:06 INFO  TestBase:53 - Test name: SaveUserTest
2019-12-19 09:06:16 INFO  TestBase:80 - Executed test case name:SaveUserTest Execution Results : [TestResult name=SaveUserTest status=SUCCESS method=AdminAddUserTest.SaveUserTest()[pri:1, instance:tests.AdminAddUserTest@1622f1b] output={null}]
2019-12-19 09:06:16 INFO  TestBase:70 - Closing Browser
2019-12-19 09:06:17 INFO  TestBase:72 - Browser Closed
2019-12-19 09:12:10 INFO  TestBase:32 - Initiate Browser
2019-12-19 09:12:28 INFO  TestBase:41 - Browser Initiated
2019-12-19 09:12:28 INFO  TestBase:53 - Test name: addUserTest
2019-12-19 09:12:35 INFO  TestBase:80 - Executed test case name:addUserTest Execution Results : [TestResult name=addUserTest status=SUCCESS method=AddUserAdminTest.addUserTest()[pri:1, instance:tests.AddUserAdminTest@1622f1b] output={null}]
2019-12-19 09:12:35 INFO  TestBase:70 - Closing Browser
2019-12-19 09:12:36 INFO  TestBase:72 - Browser Closed
2019-12-19 09:12:47 INFO  TestBase:32 - Initiate Browser
2019-12-19 09:13:04 INFO  TestBase:41 - Browser Initiated
2019-12-19 09:13:04 INFO  TestBase:53 - Test name: addUserTest
2019-12-19 09:13:13 INFO  TestBase:80 - Executed test case name:addUserTest Execution Results : [TestResult name=addUserTest status=SUCCESS method=AddUserAdminTest.addUserTest()[pri:1, instance:tests.AddUserAdminTest@1622f1b] output={null}]
2019-12-19 09:13:13 INFO  TestBase:70 - Closing Browser
2019-12-19 09:13:14 INFO  TestBase:72 - Browser Closed
2019-12-19 09:41:24 INFO  TestBase:32 - Initiate Browser
2019-12-19 09:41:43 INFO  TestBase:41 - Browser Initiated
2019-12-19 09:41:43 INFO  TestBase:53 - Test name: addUserTest
2019-12-19 09:41:56 INFO  TestBase:80 - Executed test case name:addUserTest Execution Results : [TestResult name=addUserTest status=FAILURE method=AddUserAdminTest.addUserTest()[pri:1, instance:tests.AddUserAdminTest@470f1802] output={null}]
2019-12-19 09:41:56 INFO  TestBase:70 - Closing Browser
2019-12-19 09:41:57 INFO  TestBase:72 - Browser Closed
2019-12-19 09:42:51 INFO  TestBase:32 - Initiate Browser
2019-12-19 09:43:07 INFO  TestBase:41 - Browser Initiated
2019-12-19 09:43:07 INFO  TestBase:53 - Test name: addUserTest
2019-12-19 09:43:21 INFO  TestBase:80 - Executed test case name:addUserTest Execution Results : [TestResult name=addUserTest status=FAILURE method=AddUserAdminTest.addUserTest()[pri:1, instance:tests.AddUserAdminTest@470f1802] output={null}]
2019-12-19 09:43:21 INFO  TestBase:70 - Closing Browser
2019-12-19 09:43:22 INFO  TestBase:72 - Browser Closed
2019-12-19 09:50:33 INFO  TestBase:32 - Initiate Browser
2019-12-19 09:50:52 INFO  TestBase:41 - Browser Initiated
2019-12-19 09:50:52 INFO  TestBase:53 - Test name: addUserTest
2019-12-19 09:51:05 INFO  TestBase:80 - Executed test case name:addUserTest Execution Results : [TestResult name=addUserTest status=FAILURE method=AddUserAdminTest.addUserTest()[pri:1, instance:tests.AddUserAdminTest@470f1802] output={null}]
2019-12-19 09:51:06 INFO  TestBase:70 - Closing Browser
2019-12-19 09:51:06 INFO  TestBase:72 - Browser Closed
2019-12-19 09:51:53 INFO  TestBase:32 - Initiate Browser
2019-12-19 09:52:10 INFO  TestBase:41 - Browser Initiated
2019-12-19 09:52:10 INFO  TestBase:53 - Test name: addUserTest
2019-12-19 09:52:13 INFO  TestBase:80 - Executed test case name:addUserTest Execution Results : [TestResult name=addUserTest status=FAILURE method=AddUserAdminTest.addUserTest()[pri:1, instance:tests.AddUserAdminTest@470f1802] output={null}]
2019-12-19 09:52:13 INFO  TestBase:70 - Closing Browser
2019-12-19 09:52:14 INFO  TestBase:72 - Browser Closed
2019-12-19 09:54:56 INFO  TestBase:32 - Initiate Browser
2019-12-19 09:55:13 INFO  TestBase:41 - Browser Initiated
2019-12-19 09:55:13 INFO  TestBase:53 - Test name: addUserTest
2019-12-19 09:55:15 INFO  TestBase:80 - Executed test case name:addUserTest Execution Results : [TestResult name=addUserTest status=FAILURE method=AddUserAdminTest.addUserTest()[pri:1, instance:tests.AddUserAdminTest@470f1802] output={null}]
2019-12-19 09:55:15 INFO  TestBase:70 - Closing Browser
2019-12-19 09:55:16 INFO  TestBase:72 - Browser Closed
2019-12-19 09:55:38 INFO  TestBase:32 - Initiate Browser
2019-12-19 09:55:58 INFO  TestBase:41 - Browser Initiated
2019-12-19 09:55:58 INFO  TestBase:53 - Test name: addUserTest
2019-12-19 09:56:00 INFO  TestBase:80 - Executed test case name:addUserTest Execution Results : [TestResult name=addUserTest status=FAILURE method=AddUserAdminTest.addUserTest()[pri:1, instance:tests.AddUserAdminTest@470f1802] output={null}]
2019-12-19 09:56:00 INFO  TestBase:70 - Closing Browser
2019-12-19 09:56:01 INFO  TestBase:72 - Browser Closed
2019-12-19 09:56:41 INFO  TestBase:32 - Initiate Browser
2019-12-19 09:57:01 INFO  TestBase:41 - Browser Initiated
2019-12-19 09:57:01 INFO  TestBase:53 - Test name: addUserTest
2019-12-19 09:57:08 INFO  TestBase:80 - Executed test case name:addUserTest Execution Results : [TestResult name=addUserTest status=FAILURE method=AddUserAdminTest.addUserTest()[pri:1, instance:tests.AddUserAdminTest@470f1802] output={null}]
2019-12-19 09:57:08 INFO  TestBase:70 - Closing Browser
2019-12-19 09:57:09 INFO  TestBase:72 - Browser Closed
2019-12-19 09:57:38 INFO  TestBase:32 - Initiate Browser
2019-12-19 09:58:10 INFO  TestBase:41 - Browser Initiated
2019-12-19 09:58:10 INFO  TestBase:53 - Test name: addUserTest
2019-12-19 09:58:10 INFO  TestBase:80 - Executed test case name:addUserTest Execution Results : [TestResult name=addUserTest status=FAILURE method=AddUserAdminTest.addUserTest()[pri:1, instance:tests.AddUserAdminTest@470f1802] output={null}]
2019-12-19 09:58:10 INFO  TestBase:70 - Closing Browser
2019-12-19 09:58:11 INFO  TestBase:72 - Browser Closed
2019-12-19 09:58:21 INFO  TestBase:32 - Initiate Browser
2019-12-19 09:58:45 INFO  TestBase:41 - Browser Initiated
2019-12-19 09:58:45 INFO  TestBase:53 - Test name: addUserTest
2019-12-19 09:58:46 INFO  TestBase:80 - Executed test case name:addUserTest Execution Results : [TestResult name=addUserTest status=FAILURE method=AddUserAdminTest.addUserTest()[pri:1, instance:tests.AddUserAdminTest@470f1802] output={null}]
2019-12-19 09:58:46 INFO  TestBase:70 - Closing Browser
2019-12-19 09:58:47 INFO  TestBase:72 - Browser Closed
2019-12-19 09:59:11 INFO  TestBase:32 - Initiate Browser
2019-12-19 09:59:25 INFO  TestBase:41 - Browser Initiated
2019-12-19 09:59:25 INFO  TestBase:53 - Test name: addUserTest
2019-12-19 09:59:29 INFO  TestBase:80 - Executed test case name:addUserTest Execution Results : [TestResult name=addUserTest status=FAILURE method=AddUserAdminTest.addUserTest()[pri:1, instance:tests.AddUserAdminTest@470f1802] output={null}]
2019-12-19 09:59:30 INFO  TestBase:70 - Closing Browser
2019-12-19 09:59:30 INFO  TestBase:72 - Browser Closed
2019-12-19 12:15:53 INFO  TestBase:32 - Initiate Browser
2019-12-19 12:16:07 INFO  TestBase:41 - Browser Initiated
2019-12-19 12:16:07 INFO  TestBase:53 - Test name: testGenderlInformation
2019-12-19 12:16:08 INFO  TestBase:80 - Executed test case name:testGenderlInformation Execution Results : [TestResult name=testGenderlInformation status=SUCCESS method=Tests.testGenderlInformation()[pri:1, instance:tests.Tests@1622f1b] output={null}]
2019-12-19 12:16:08 INFO  TestBase:70 - Closing Browser
2019-12-19 12:16:09 INFO  TestBase:72 - Browser Closed
2019-12-19 12:20:38 INFO  TestBase:32 - Initiate Browser
2019-12-19 12:20:52 INFO  TestBase:41 - Browser Initiated
2019-12-19 12:20:52 INFO  TestBase:53 - Test name: testGenderlInformation
2019-12-19 12:20:52 INFO  TestBase:22 - login panel detected
2019-12-19 12:20:52 INFO  TestBase:26 - admin entered
2019-12-19 12:20:52 INFO  TestBase:29 - Password entered
2019-12-19 12:20:53 INFO  TestBase:32 - login button clicked
2019-12-19 12:20:53 INFO  TestBase:80 - Executed test case name:testGenderlInformation Execution Results : [TestResult name=testGenderlInformation status=SUCCESS method=Tests.testGenderlInformation()[pri:1, instance:tests.Tests@470f1802] output={null}]
2019-12-19 12:20:53 INFO  TestBase:70 - Closing Browser
2019-12-19 12:20:53 INFO  TestBase:72 - Browser Closed
2019-12-19 12:23:09 INFO  TestBase:32 - Initiate Browser
2019-12-19 12:23:23 INFO  TestBase:41 - Browser Initiated
2019-12-19 12:23:23 INFO  TestBase:53 - Test name: testGenderlInformation
2019-12-19 12:23:24 INFO  TestBase:80 - Executed test case name:testGenderlInformation Execution Results : [TestResult name=testGenderlInformation status=FAILURE method=Tests.testGenderlInformation()[pri:1, instance:tests.Tests@470f1802] output={null}]
2019-12-19 12:23:24 INFO  TestBase:70 - Closing Browser
2019-12-19 12:23:25 INFO  TestBase:72 - Browser Closed
2019-12-19 20:32:33 INFO  TestBase:32 - Initiate Browser
2019-12-19 20:32:46 INFO  TestBase:41 - Browser Initiated
2019-12-19 20:32:46 INFO  TestBase:53 - Test name: loginTest
2019-12-19 20:32:47 INFO  TestBase:80 - Executed test case name:loginTest Execution Results : [TestResult name=loginTest status=FAILURE method=VleLoginTest.loginTest()[pri:0, instance:tests.VleLoginTest@470f1802] output={null}]
2019-12-19 20:32:47 INFO  TestBase:70 - Closing Browser
2019-12-19 20:32:48 INFO  TestBase:72 - Browser Closed
2019-12-19 20:33:32 INFO  TestBase:32 - Initiate Browser
2019-12-19 20:33:45 INFO  TestBase:41 - Browser Initiated
2019-12-19 20:33:45 INFO  TestBase:53 - Test name: loginTest
2019-12-19 20:33:45 INFO  TestBase:80 - Executed test case name:loginTest Execution Results : [TestResult name=loginTest status=FAILURE method=VleLoginTest.loginTest()[pri:1, instance:tests.VleLoginTest@470f1802] output={null}]
2019-12-19 20:33:46 INFO  TestBase:70 - Closing Browser
2019-12-19 20:33:47 INFO  TestBase:72 - Browser Closed
2019-12-19 21:01:54 INFO  TestBase:32 - Initiate Browser
2019-12-19 21:02:07 INFO  TestBase:41 - Browser Initiated
2019-12-19 21:02:07 INFO  TestBase:53 - Test name: loginTest
2019-12-19 21:02:08 INFO  TestBase:80 - Executed test case name:loginTest Execution Results : [TestResult name=loginTest status=FAILURE method=VleLoginTest.loginTest()[pri:1, instance:tests.VleLoginTest@470f1802] output={null}]
2019-12-19 21:02:08 INFO  TestBase:70 - Closing Browser
2019-12-19 21:02:09 INFO  TestBase:72 - Browser Closed
2019-12-20 10:28:00 INFO  TestBase:32 - Initiate Browser
2019-12-20 10:28:20 INFO  TestBase:41 - Browser Initiated
2019-12-20 10:28:20 INFO  TestBase:53 - Test name: testFBPage
2019-12-20 10:28:21 INFO  TestBase:80 - Executed test case name:testFBPage Execution Results : [TestResult name=testFBPage status=SUCCESS method=FBTest.testFBPage()[pri:1, instance:tests.FBTest@470f1802] output={null}]
2019-12-20 10:28:21 INFO  TestBase:70 - Closing Browser
2019-12-20 10:28:22 INFO  TestBase:72 - Browser Closed
2019-12-23 13:53:49 INFO  TestBase:32 - Initiate Browser
2019-12-23 13:54:08 INFO  TestBase:41 - Browser Initiated
2019-12-23 13:54:08 INFO  TestBase:53 - Test name: addUserTest
2019-12-23 13:54:09 INFO  TestBase:80 - Executed test case name:addUserTest Execution Results : [TestResult name=addUserTest status=FAILURE method=AddUserAdminTest.addUserTest()[pri:1, instance:tests.AddUserAdminTest@1622f1b] output={null}]
2019-12-23 13:54:09 INFO  TestBase:70 - Closing Browser
2019-12-23 13:54:10 INFO  TestBase:72 - Browser Closed
2019-12-23 13:58:15 INFO  TestBase:32 - Initiate Browser
2019-12-23 13:58:29 INFO  TestBase:41 - Browser Initiated
2019-12-23 13:58:29 INFO  TestBase:53 - Test name: addUserTest
2019-12-23 13:58:30 INFO  TestBase:22 - login panel detected
2019-12-23 13:58:30 INFO  TestBase:26 - admin entered
2019-12-23 13:58:30 INFO  TestBase:29 - Password entered
2019-12-23 13:58:32 INFO  TestBase:32 - login button clicked
2019-12-23 13:58:40 INFO  TestBase:80 - Executed test case name:addUserTest Execution Results : [TestResult name=addUserTest status=FAILURE method=AddUserAdminTest.addUserTest()[pri:1, instance:tests.AddUserAdminTest@1622f1b] output={null}]
2019-12-23 13:58:41 INFO  TestBase:70 - Closing Browser
2019-12-23 13:58:42 INFO  TestBase:72 - Browser Closed
2019-12-23 13:59:17 INFO  TestBase:32 - Initiate Browser
2019-12-23 13:59:30 INFO  TestBase:41 - Browser Initiated
2019-12-23 13:59:30 INFO  TestBase:53 - Test name: addUserTest
2019-12-23 13:59:31 INFO  TestBase:22 - login panel detected
2019-12-23 13:59:31 INFO  TestBase:26 - admin entered
2019-12-23 13:59:31 INFO  TestBase:29 - Password entered
2019-12-23 13:59:33 INFO  TestBase:32 - login button clicked
2019-12-23 13:59:37 INFO  TestBase:80 - Executed test case name:addUserTest Execution Results : [TestResult name=addUserTest status=FAILURE method=AddUserAdminTest.addUserTest()[pri:1, instance:tests.AddUserAdminTest@470f1802] output={null}]
2019-12-23 13:59:38 INFO  TestBase:70 - Closing Browser
2019-12-23 13:59:39 INFO  TestBase:72 - Browser Closed
2019-12-23 13:59:50 INFO  TestBase:32 - Initiate Browser
2019-12-23 14:00:04 INFO  TestBase:41 - Browser Initiated
2019-12-23 14:00:04 INFO  TestBase:53 - Test name: addUserTest
2019-12-23 14:00:05 INFO  TestBase:22 - login panel detected
2019-12-23 14:00:05 INFO  TestBase:26 - admin entered
2019-12-23 14:00:05 INFO  TestBase:29 - Password entered
2019-12-23 14:00:07 INFO  TestBase:32 - login button clicked
2019-12-23 14:00:12 INFO  TestBase:80 - Executed test case name:addUserTest Execution Results : [TestResult name=addUserTest status=FAILURE method=AddUserAdminTest.addUserTest()[pri:1, instance:tests.AddUserAdminTest@470f1802] output={null}]
2019-12-23 14:00:12 INFO  TestBase:70 - Closing Browser
2019-12-23 14:00:13 INFO  TestBase:72 - Browser Closed
2019-12-23 14:00:22 INFO  TestBase:32 - Initiate Browser
2019-12-23 14:00:36 INFO  TestBase:41 - Browser Initiated
2019-12-23 14:00:36 INFO  TestBase:53 - Test name: addUserTest
2019-12-23 14:00:36 INFO  TestBase:22 - login panel detected
2019-12-23 14:00:36 INFO  TestBase:26 - admin entered
2019-12-23 14:00:36 INFO  TestBase:29 - Password entered
2019-12-23 14:00:38 INFO  TestBase:32 - login button clicked
2019-12-23 14:00:45 INFO  TestBase:80 - Executed test case name:addUserTest Execution Results : [TestResult name=addUserTest status=SUCCESS method=AddUserAdminTest.addUserTest()[pri:1, instance:tests.AddUserAdminTest@470f1802] output={null}]
2019-12-23 14:00:45 INFO  TestBase:70 - Closing Browser
2019-12-23 14:00:45 INFO  TestBase:72 - Browser Closed
2019-12-23 14:01:57 INFO  TestBase:32 - Initiate Browser
2019-12-23 14:02:11 INFO  TestBase:41 - Browser Initiated
2019-12-23 14:02:11 INFO  TestBase:53 - Test name: addUserTest
2019-12-23 14:02:11 INFO  TestBase:22 - login panel detected
2019-12-23 14:02:11 INFO  TestBase:26 - admin entered
2019-12-23 14:02:12 INFO  TestBase:29 - Password entered
2019-12-23 14:02:14 INFO  TestBase:32 - login button clicked
2019-12-23 14:02:19 INFO  TestBase:80 - Executed test case name:addUserTest Execution Results : [TestResult name=addUserTest status=FAILURE method=AddUserAdminTest.addUserTest()[pri:1, instance:tests.AddUserAdminTest@470f1802] output={null}]
2019-12-23 14:02:20 INFO  TestBase:70 - Closing Browser
2019-12-23 14:02:20 INFO  TestBase:72 - Browser Closed
2019-12-23 14:02:34 INFO  TestBase:32 - Initiate Browser
2019-12-23 14:02:48 INFO  TestBase:41 - Browser Initiated
2019-12-23 14:02:48 INFO  TestBase:53 - Test name: addUserTest
2019-12-23 14:02:48 INFO  TestBase:22 - login panel detected
2019-12-23 14:02:48 INFO  TestBase:26 - admin entered
2019-12-23 14:02:48 INFO  TestBase:29 - Password entered
2019-12-23 14:02:50 INFO  TestBase:32 - login button clicked
2019-12-23 14:02:55 INFO  TestBase:80 - Executed test case name:addUserTest Execution Results : [TestResult name=addUserTest status=FAILURE method=AddUserAdminTest.addUserTest()[pri:1, instance:tests.AddUserAdminTest@470f1802] output={null}]
2019-12-23 14:02:56 INFO  TestBase:70 - Closing Browser
2019-12-23 14:02:57 INFO  TestBase:72 - Browser Closed
2019-12-23 14:03:25 INFO  TestBase:32 - Initiate Browser
2019-12-23 14:03:39 INFO  TestBase:41 - Browser Initiated
2019-12-23 14:03:39 INFO  TestBase:53 - Test name: addUserTest
2019-12-23 14:03:39 INFO  TestBase:22 - login panel detected
2019-12-23 14:03:39 INFO  TestBase:26 - admin entered
2019-12-23 14:03:39 INFO  TestBase:29 - Password entered
2019-12-23 14:03:41 INFO  TestBase:32 - login button clicked
2019-12-23 14:03:47 INFO  TestBase:80 - Executed test case name:addUserTest Execution Results : [TestResult name=addUserTest status=FAILURE method=AddUserAdminTest.addUserTest()[pri:1, instance:tests.AddUserAdminTest@470f1802] output={null}]
2019-12-23 14:03:48 INFO  TestBase:70 - Closing Browser
2019-12-23 14:03:48 INFO  TestBase:72 - Browser Closed
2019-12-23 14:04:42 INFO  TestBase:32 - Initiate Browser
2019-12-23 14:04:56 INFO  TestBase:41 - Browser Initiated
2019-12-23 14:04:56 INFO  TestBase:53 - Test name: addUserTest
2019-12-23 14:04:56 INFO  TestBase:22 - login panel detected
2019-12-23 14:04:56 INFO  TestBase:26 - admin entered
2019-12-23 14:04:57 INFO  TestBase:29 - Password entered
2019-12-23 14:04:58 INFO  TestBase:32 - login button clicked
2019-12-23 14:05:07 INFO  TestBase:80 - Executed test case name:addUserTest Execution Results : [TestResult name=addUserTest status=FAILURE method=AddUserAdminTest.addUserTest()[pri:1, instance:tests.AddUserAdminTest@470f1802] output={null}]
2019-12-23 14:05:08 INFO  TestBase:70 - Closing Browser
2019-12-23 14:05:08 INFO  TestBase:72 - Browser Closed
2019-12-23 14:05:51 INFO  TestBase:32 - Initiate Browser
2019-12-23 14:06:05 INFO  TestBase:41 - Browser Initiated
2019-12-23 14:06:05 INFO  TestBase:53 - Test name: addUserTest
2019-12-23 14:06:05 INFO  TestBase:22 - login panel detected
2019-12-23 14:06:05 INFO  TestBase:26 - admin entered
2019-12-23 14:06:05 INFO  TestBase:29 - Password entered
2019-12-23 14:06:07 INFO  TestBase:32 - login button clicked
2019-12-23 14:06:12 INFO  TestBase:80 - Executed test case name:addUserTest Execution Results : [TestResult name=addUserTest status=FAILURE method=AddUserAdminTest.addUserTest()[pri:1, instance:tests.AddUserAdminTest@470f1802] output={null}]
2019-12-23 14:06:13 INFO  TestBase:70 - Closing Browser
2019-12-23 14:06:13 INFO  TestBase:72 - Browser Closed
2019-12-23 14:07:22 INFO  TestBase:32 - Initiate Browser
2019-12-23 14:07:36 INFO  TestBase:41 - Browser Initiated
2019-12-23 14:07:36 INFO  TestBase:53 - Test name: addUserTest
2019-12-23 14:07:36 INFO  TestBase:22 - login panel detected
2019-12-23 14:07:36 INFO  TestBase:26 - admin entered
2019-12-23 14:07:36 INFO  TestBase:29 - Password entered
2019-12-23 14:07:38 INFO  TestBase:32 - login button clicked
2019-12-23 14:07:44 INFO  TestBase:80 - Executed test case name:addUserTest Execution Results : [TestResult name=addUserTest status=FAILURE method=AddUserAdminTest.addUserTest()[pri:1, instance:tests.AddUserAdminTest@1622f1b] output={null}]
2019-12-23 14:07:44 INFO  TestBase:70 - Closing Browser
2019-12-23 14:07:45 INFO  TestBase:72 - Browser Closed
2019-12-23 14:09:59 INFO  TestBase:32 - Initiate Browser
2019-12-23 14:10:13 INFO  TestBase:41 - Browser Initiated
2019-12-23 14:10:13 INFO  TestBase:53 - Test name: addUserTest
2019-12-23 14:10:13 INFO  TestBase:22 - login panel detected
2019-12-23 14:10:13 INFO  TestBase:26 - admin entered
2019-12-23 14:10:13 INFO  TestBase:29 - Password entered
2019-12-23 14:10:15 INFO  TestBase:32 - login button clicked
2019-12-23 14:10:21 INFO  TestBase:80 - Executed test case name:addUserTest Execution Results : [TestResult name=addUserTest status=FAILURE method=AddUserAdminTest.addUserTest()[pri:1, instance:tests.AddUserAdminTest@1622f1b] output={null}]
2019-12-23 14:10:21 INFO  TestBase:70 - Closing Browser
2019-12-23 14:10:22 INFO  TestBase:72 - Browser Closed
2019-12-23 14:12:25 INFO  TestBase:32 - Initiate Browser
2019-12-23 14:12:40 INFO  TestBase:41 - Browser Initiated
2019-12-23 14:12:40 INFO  TestBase:53 - Test name: addUserTest
2019-12-23 14:12:40 INFO  TestBase:22 - login panel detected
2019-12-23 14:12:40 INFO  TestBase:26 - admin entered
2019-12-23 14:12:40 INFO  TestBase:29 - Password entered
2019-12-23 14:12:42 INFO  TestBase:32 - login button clicked
2019-12-23 14:13:23 INFO  TestBase:80 - Executed test case name:addUserTest Execution Results : [TestResult name=addUserTest status=FAILURE method=AddUserAdminTest.addUserTest()[pri:1, instance:tests.AddUserAdminTest@46b61c56] output={null}]
2019-12-23 14:13:23 INFO  TestBase:70 - Closing Browser
2019-12-23 14:13:24 INFO  TestBase:72 - Browser Closed
2019-12-23 14:13:49 INFO  TestBase:32 - Initiate Browser
2019-12-23 14:14:02 INFO  TestBase:41 - Browser Initiated
2019-12-23 14:14:02 INFO  TestBase:53 - Test name: addUserTest
2019-12-23 14:14:03 INFO  TestBase:22 - login panel detected
2019-12-23 14:14:03 INFO  TestBase:26 - admin entered
2019-12-23 14:14:03 INFO  TestBase:29 - Password entered
2019-12-23 14:14:05 INFO  TestBase:32 - login button clicked
2019-12-23 14:14:10 INFO  TestBase:80 - Executed test case name:addUserTest Execution Results : [TestResult name=addUserTest status=FAILURE method=AddUserAdminTest.addUserTest()[pri:1, instance:tests.AddUserAdminTest@1622f1b] output={null}]
2019-12-23 14:14:11 INFO  TestBase:70 - Closing Browser
2019-12-23 14:14:11 INFO  TestBase:72 - Browser Closed
2019-12-23 14:14:47 INFO  TestBase:32 - Initiate Browser
2019-12-23 14:15:01 INFO  TestBase:41 - Browser Initiated
2019-12-23 14:15:01 INFO  TestBase:53 - Test name: addUserTest
2019-12-23 14:15:01 INFO  TestBase:22 - login panel detected
2019-12-23 14:15:01 INFO  TestBase:26 - admin entered
2019-12-23 14:15:01 INFO  TestBase:29 - Password entered
2019-12-23 14:15:03 INFO  TestBase:32 - login button clicked
2019-12-23 14:15:09 INFO  TestBase:80 - Executed test case name:addUserTest Execution Results : [TestResult name=addUserTest status=FAILURE method=AddUserAdminTest.addUserTest()[pri:1, instance:tests.AddUserAdminTest@1622f1b] output={null}]
2019-12-23 14:15:09 INFO  TestBase:70 - Closing Browser
2019-12-23 14:15:10 INFO  TestBase:72 - Browser Closed
2019-12-23 14:16:51 INFO  TestBase:32 - Initiate Browser
2019-12-23 14:17:05 INFO  TestBase:41 - Browser Initiated
2019-12-23 14:17:05 INFO  TestBase:53 - Test name: addUserTest
2019-12-23 14:17:05 INFO  TestBase:22 - login panel detected
2019-12-23 14:17:05 INFO  TestBase:26 - admin entered
2019-12-23 14:17:05 INFO  TestBase:29 - Password entered
2019-12-23 14:17:07 INFO  TestBase:32 - login button clicked
2019-12-23 14:17:12 INFO  TestBase:80 - Executed test case name:addUserTest Execution Results : [TestResult name=addUserTest status=FAILURE method=AddUserAdminTest.addUserTest()[pri:1, instance:tests.AddUserAdminTest@1622f1b] output={null}]
2019-12-23 14:17:13 INFO  TestBase:70 - Closing Browser
2019-12-23 14:17:13 INFO  TestBase:72 - Browser Closed
2019-12-23 14:18:43 INFO  TestBase:32 - Initiate Browser
2019-12-23 14:18:57 INFO  TestBase:41 - Browser Initiated
2019-12-23 14:18:57 INFO  TestBase:53 - Test name: addUserTest
2019-12-23 14:18:57 INFO  TestBase:22 - login panel detected
2019-12-23 14:18:57 INFO  TestBase:26 - admin entered
2019-12-23 14:18:57 INFO  TestBase:29 - Password entered
2019-12-23 14:18:59 INFO  TestBase:32 - login button clicked
2019-12-23 14:19:04 INFO  TestBase:80 - Executed test case name:addUserTest Execution Results : [TestResult name=addUserTest status=FAILURE method=AddUserAdminTest.addUserTest()[pri:1, instance:tests.AddUserAdminTest@1622f1b] output={null}]
2019-12-23 14:19:05 INFO  TestBase:70 - Closing Browser
2019-12-23 14:19:06 INFO  TestBase:72 - Browser Closed
2019-12-23 14:20:21 INFO  TestBase:32 - Initiate Browser
2019-12-23 14:20:34 INFO  TestBase:41 - Browser Initiated
2019-12-23 14:20:34 INFO  TestBase:53 - Test name: addUserTest
2019-12-23 14:20:35 INFO  TestBase:22 - login panel detected
2019-12-23 14:20:35 INFO  TestBase:26 - admin entered
2019-12-23 14:20:35 INFO  TestBase:29 - Password entered
2019-12-23 14:20:37 INFO  TestBase:32 - login button clicked
2019-12-23 14:20:41 INFO  TestBase:80 - Executed test case name:addUserTest Execution Results : [TestResult name=addUserTest status=FAILURE method=AddUserAdminTest.addUserTest()[pri:1, instance:tests.AddUserAdminTest@1622f1b] output={null}]
2019-12-23 14:20:42 INFO  TestBase:70 - Closing Browser
2019-12-23 14:20:42 INFO  TestBase:72 - Browser Closed
2019-12-23 14:28:54 INFO  TestBase:32 - Initiate Browser
2019-12-23 14:29:08 INFO  TestBase:41 - Browser Initiated
2019-12-23 14:29:08 INFO  TestBase:53 - Test name: addUserTest
2019-12-23 14:29:09 INFO  TestBase:22 - login panel detected
2019-12-23 14:29:09 INFO  TestBase:26 - admin entered
2019-12-23 14:29:09 INFO  TestBase:29 - Password entered
2019-12-23 14:29:11 INFO  TestBase:32 - login button clicked
2019-12-23 14:29:16 INFO  TestBase:80 - Executed test case name:addUserTest Execution Results : [TestResult name=addUserTest status=FAILURE method=AddUserAdminTest.addUserTest()[pri:1, instance:tests.AddUserAdminTest@1622f1b] output={null}]
2019-12-23 14:29:17 INFO  TestBase:70 - Closing Browser
2019-12-23 14:29:17 INFO  TestBase:72 - Browser Closed
2019-12-23 14:30:29 INFO  TestBase:32 - Initiate Browser
2019-12-23 14:30:43 INFO  TestBase:41 - Browser Initiated
2019-12-23 14:30:43 INFO  TestBase:53 - Test name: addUserTest
2019-12-23 14:30:43 INFO  TestBase:22 - login panel detected
2019-12-23 14:30:43 INFO  TestBase:26 - admin entered
2019-12-23 14:30:43 INFO  TestBase:29 - Password entered
2019-12-23 14:30:46 INFO  TestBase:32 - login button clicked
2019-12-23 14:30:51 INFO  TestBase:80 - Executed test case name:addUserTest Execution Results : [TestResult name=addUserTest status=FAILURE method=AddUserAdminTest.addUserTest()[pri:1, instance:tests.AddUserAdminTest@1622f1b] output={null}]
2019-12-23 14:30:52 INFO  TestBase:70 - Closing Browser
2019-12-23 14:30:52 INFO  TestBase:72 - Browser Closed
2019-12-23 14:31:09 INFO  TestBase:32 - Initiate Browser
2019-12-23 14:31:23 INFO  TestBase:41 - Browser Initiated
2019-12-23 14:31:23 INFO  TestBase:53 - Test name: addUserTest
2019-12-23 14:31:23 INFO  TestBase:22 - login panel detected
2019-12-23 14:31:24 INFO  TestBase:26 - admin entered
2019-12-23 14:31:24 INFO  TestBase:29 - Password entered
2019-12-23 14:31:26 INFO  TestBase:32 - login button clicked
2019-12-23 14:31:34 INFO  TestBase:80 - Executed test case name:addUserTest Execution Results : [TestResult name=addUserTest status=FAILURE method=AddUserAdminTest.addUserTest()[pri:1, instance:tests.AddUserAdminTest@1622f1b] output={null}]
2019-12-23 14:31:34 INFO  TestBase:70 - Closing Browser
2019-12-23 14:31:35 INFO  TestBase:72 - Browser Closed
2019-12-23 14:38:16 INFO  TestBase:32 - Initiate Browser
2019-12-23 14:38:31 INFO  TestBase:41 - Browser Initiated
2019-12-23 14:38:31 INFO  TestBase:53 - Test name: addUserTest
2019-12-23 14:38:31 INFO  TestBase:22 - login panel detected
2019-12-23 14:38:31 INFO  TestBase:26 - admin entered
2019-12-23 14:38:31 INFO  TestBase:29 - Password entered
2019-12-23 14:38:33 INFO  TestBase:32 - login button clicked
2019-12-23 14:38:41 INFO  TestBase:80 - Executed test case name:addUserTest Execution Results : [TestResult name=addUserTest status=FAILURE method=AddUserAdminTest.addUserTest()[pri:1, instance:tests.AddUserAdminTest@1622f1b] output={null}]
2019-12-23 14:38:41 INFO  TestBase:70 - Closing Browser
2019-12-23 14:38:42 INFO  TestBase:72 - Browser Closed
2019-12-23 14:39:32 INFO  TestBase:32 - Initiate Browser
2019-12-23 14:39:46 INFO  TestBase:41 - Browser Initiated
2019-12-23 14:39:46 INFO  TestBase:53 - Test name: addUserTest
2019-12-23 14:39:47 INFO  TestBase:22 - login panel detected
2019-12-23 14:39:47 INFO  TestBase:26 - admin entered
2019-12-23 14:39:47 INFO  TestBase:29 - Password entered
2019-12-23 14:39:49 INFO  TestBase:32 - login button clicked
2019-12-23 14:39:57 INFO  TestBase:80 - Executed test case name:addUserTest Execution Results : [TestResult name=addUserTest status=FAILURE method=AddUserAdminTest.addUserTest()[pri:1, instance:tests.AddUserAdminTest@1622f1b] output={null}]
2019-12-23 14:39:57 INFO  TestBase:70 - Closing Browser
2019-12-23 14:39:58 INFO  TestBase:72 - Browser Closed
2019-12-23 14:40:28 INFO  TestBase:32 - Initiate Browser
2019-12-23 14:40:41 INFO  TestBase:41 - Browser Initiated
2019-12-23 14:40:41 INFO  TestBase:53 - Test name: addUserTest
2019-12-23 14:40:41 INFO  TestBase:80 - Executed test case name:addUserTest Execution Results : [TestResult name=addUserTest status=FAILURE method=AddUserAdminTest.addUserTest()[pri:1, instance:tests.AddUserAdminTest@1622f1b] output={null}]
2019-12-23 14:40:41 INFO  TestBase:70 - Closing Browser
2019-12-23 14:40:42 INFO  TestBase:72 - Browser Closed
2019-12-23 14:40:57 INFO  TestBase:32 - Initiate Browser
2019-12-23 14:41:13 INFO  TestBase:41 - Browser Initiated
2019-12-23 14:41:13 INFO  TestBase:53 - Test name: addUserTest
2019-12-23 14:41:13 INFO  TestBase:22 - login panel detected
2019-12-23 14:41:13 INFO  TestBase:26 - admin entered
2019-12-23 14:41:13 INFO  TestBase:29 - Password entered
2019-12-23 14:41:16 INFO  TestBase:32 - login button clicked
2019-12-23 14:41:19 INFO  TestBase:80 - Executed test case name:addUserTest Execution Results : [TestResult name=addUserTest status=SUCCESS method=AddUserAdminTest.addUserTest()[pri:1, instance:tests.AddUserAdminTest@72a7c7e0] output={null}]
2019-12-23 14:41:19 INFO  TestBase:70 - Closing Browser
2019-12-23 14:41:19 INFO  TestBase:72 - Browser Closed
2019-12-23 14:41:41 INFO  TestBase:32 - Initiate Browser
2019-12-23 14:41:56 INFO  TestBase:41 - Browser Initiated
2019-12-23 14:41:56 INFO  TestBase:53 - Test name: addUserTest
2019-12-23 14:41:57 INFO  TestBase:22 - login panel detected
2019-12-23 14:41:57 INFO  TestBase:26 - admin entered
2019-12-23 14:41:57 INFO  TestBase:29 - Password entered
2019-12-23 14:41:59 INFO  TestBase:32 - login button clicked
2019-12-23 14:42:02 INFO  TestBase:80 - Executed test case name:addUserTest Execution Results : [TestResult name=addUserTest status=SUCCESS method=AddUserAdminTest.addUserTest()[pri:1, instance:tests.AddUserAdminTest@70e8f8e] output={null}]
2019-12-23 14:42:03 INFO  TestBase:70 - Closing Browser
2019-12-23 14:42:03 INFO  TestBase:72 - Browser Closed
2019-12-23 15:04:33 INFO  TestBase:32 - Initiate Browser
2019-12-23 15:04:46 INFO  TestBase:41 - Browser Initiated
2019-12-23 15:04:46 INFO  TestBase:53 - Test name: addUserTest
2019-12-23 15:04:46 INFO  TestBase:22 - login panel detected
2019-12-23 15:04:46 INFO  TestBase:26 - admin entered
2019-12-23 15:04:46 INFO  TestBase:29 - Password entered
2019-12-23 15:04:48 INFO  TestBase:32 - login button clicked
2019-12-23 15:04:52 INFO  TestBase:80 - Executed test case name:addUserTest Execution Results : [TestResult name=addUserTest status=FAILURE method=AddUserAdminTest.addUserTest()[pri:1, instance:tests.AddUserAdminTest@3e92efc3] output={null}]
2019-12-23 15:04:53 INFO  TestBase:70 - Closing Browser
2019-12-23 15:04:53 INFO  TestBase:72 - Browser Closed
2019-12-23 15:05:53 INFO  TestBase:32 - Initiate Browser
2019-12-23 15:06:06 INFO  TestBase:41 - Browser Initiated
2019-12-23 15:06:06 INFO  TestBase:53 - Test name: addUserTest
2019-12-23 15:06:06 INFO  TestBase:22 - login panel detected
2019-12-23 15:06:06 INFO  TestBase:26 - admin entered
2019-12-23 15:06:06 INFO  TestBase:29 - Password entered
2019-12-23 15:06:08 INFO  TestBase:32 - login button clicked
2019-12-23 15:06:12 INFO  TestBase:80 - Executed test case name:addUserTest Execution Results : [TestResult name=addUserTest status=FAILURE method=AddUserAdminTest.addUserTest()[pri:1, instance:tests.AddUserAdminTest@3e92efc3] output={null}]
2019-12-23 15:06:12 INFO  TestBase:70 - Closing Browser
2019-12-23 15:06:13 INFO  TestBase:72 - Browser Closed
2019-12-23 15:06:22 INFO  TestBase:32 - Initiate Browser
2019-12-23 15:06:35 INFO  TestBase:41 - Browser Initiated
2019-12-23 15:06:35 INFO  TestBase:53 - Test name: addUserTest
2019-12-23 15:06:35 INFO  TestBase:22 - login panel detected
2019-12-23 15:06:35 INFO  TestBase:26 - admin entered
2019-12-23 15:06:35 INFO  TestBase:29 - Password entered
2019-12-23 15:06:37 INFO  TestBase:32 - login button clicked
2019-12-23 15:06:39 INFO  TestBase:80 - Executed test case name:addUserTest Execution Results : [TestResult name=addUserTest status=SUCCESS method=AddUserAdminTest.addUserTest()[pri:1, instance:tests.AddUserAdminTest@3e92efc3] output={null}]
2019-12-23 15:06:39 INFO  TestBase:70 - Closing Browser
2019-12-23 15:06:39 INFO  TestBase:72 - Browser Closed
2019-12-23 15:07:23 INFO  TestBase:32 - Initiate Browser
2019-12-23 15:07:36 INFO  TestBase:41 - Browser Initiated
2019-12-23 15:07:36 INFO  TestBase:53 - Test name: addUserTest
2019-12-23 15:07:36 INFO  TestBase:22 - login panel detected
2019-12-23 15:07:37 INFO  TestBase:26 - admin entered
2019-12-23 15:07:37 INFO  TestBase:29 - Password entered
2019-12-23 15:07:38 INFO  TestBase:32 - login button clicked
2019-12-23 15:07:41 INFO  TestBase:80 - Executed test case name:addUserTest Execution Results : [TestResult name=addUserTest status=SUCCESS method=AddUserAdminTest.addUserTest()[pri:1, instance:tests.AddUserAdminTest@3e92efc3] output={null}]
2019-12-23 15:07:41 INFO  TestBase:70 - Closing Browser
2019-12-23 15:07:41 INFO  TestBase:72 - Browser Closed
2019-12-23 15:25:26 INFO  TestBase:32 - Initiate Browser
2019-12-23 15:25:40 INFO  TestBase:41 - Browser Initiated
2019-12-23 15:25:40 INFO  TestBase:53 - Test name: addUserTest
2019-12-23 15:25:40 INFO  TestBase:22 - login panel detected
2019-12-23 15:25:40 INFO  TestBase:26 - admin entered
2019-12-23 15:25:40 INFO  TestBase:29 - Password entered
2019-12-23 15:25:42 INFO  TestBase:32 - login button clicked
2019-12-23 15:25:46 INFO  TestBase:80 - Executed test case name:addUserTest Execution Results : [TestResult name=addUserTest status=SUCCESS method=AddUserAdminTest.addUserTest()[pri:1, instance:tests.AddUserAdminTest@470f1802] output={null}]
2019-12-23 15:25:46 INFO  TestBase:70 - Closing Browser
2019-12-23 15:25:47 INFO  TestBase:72 - Browser Closed
2019-12-27 18:56:54 INFO  TestBase:32 - Initiate Browser
2019-12-27 18:57:09 INFO  TestBase:41 - Browser Initiated
2019-12-27 18:57:09 INFO  TestBase:53 - Test name: addUserTest
2019-12-27 18:57:09 INFO  TestBase:22 - login panel detected
2019-12-27 18:57:10 INFO  TestBase:26 - admin entered
2019-12-27 18:57:10 INFO  TestBase:29 - Password entered
2019-12-27 18:57:12 INFO  TestBase:32 - login button clicked
2019-12-27 18:57:15 INFO  TestBase:80 - Executed test case name:addUserTest Execution Results : [TestResult name=addUserTest status=SUCCESS method=AddUserAdminTest.addUserTest()[pri:1, instance:tests.AddUserAdminTest@470f1802] output={null}]
2019-12-27 18:57:15 INFO  TestBase:70 - Closing Browser
2019-12-27 18:57:16 INFO  TestBase:72 - Browser Closed
2019-12-28 12:22:53 INFO  TestBase:32 - Initiate Browser
2019-12-28 12:23:05 INFO  TestBase:41 - Browser Initiated
2019-12-28 12:23:05 INFO  TestBase:53 - Test name: addUserTest
2019-12-28 12:23:05 INFO  TestBase:22 - login panel detected
2019-12-28 12:23:05 INFO  TestBase:26 - admin entered
2019-12-28 12:23:05 INFO  TestBase:29 - Password entered
2019-12-28 12:23:07 INFO  TestBase:32 - login button clicked
2019-12-28 12:23:08 INFO  TestBase:80 - Executed test case name:addUserTest Execution Results : [TestResult name=addUserTest status=SUCCESS method=EmployeeSearchTest.addUserTest()[pri:1, instance:tests.EmployeeSearchTest@470f1802] output={null}]
2019-12-28 12:23:08 INFO  TestBase:70 - Closing Browser
2019-12-28 12:23:09 INFO  TestBase:72 - Browser Closed
2019-12-28 12:31:12 INFO  TestBase:32 - Initiate Browser
2019-12-28 12:31:25 INFO  TestBase:41 - Browser Initiated
2019-12-28 12:31:25 INFO  TestBase:53 - Test name: addUserTest
2019-12-28 12:31:26 INFO  TestBase:22 - login panel detected
2019-12-28 12:31:26 INFO  TestBase:26 - admin entered
2019-12-28 12:31:26 INFO  TestBase:29 - Password entered
2019-12-28 12:31:28 INFO  TestBase:32 - login button clicked
2019-12-28 12:31:30 INFO  TestBase:80 - Executed test case name:addUserTest Execution Results : [TestResult name=addUserTest status=FAILURE method=EmployeeSearchTest.addUserTest()[pri:1, instance:tests.EmployeeSearchTest@470f1802] output={null}]
2019-12-28 12:31:30 INFO  TestBase:70 - Closing Browser
2019-12-28 12:31:32 INFO  TestBase:72 - Browser Closed
2019-12-28 12:32:33 INFO  TestBase:32 - Initiate Browser
2019-12-28 12:32:46 INFO  TestBase:41 - Browser Initiated
2019-12-28 12:32:46 INFO  TestBase:53 - Test name: addUserTest
2019-12-28 12:32:47 INFO  TestBase:22 - login panel detected
2019-12-28 12:32:47 INFO  TestBase:26 - admin entered
2019-12-28 12:32:47 INFO  TestBase:29 - Password entered
2019-12-28 12:32:49 INFO  TestBase:32 - login button clicked
2019-12-28 12:32:51 INFO  TestBase:80 - Executed test case name:addUserTest Execution Results : [TestResult name=addUserTest status=SUCCESS method=EmployeeSearchTest.addUserTest()[pri:1, instance:tests.EmployeeSearchTest@470f1802] output={null}]
2019-12-28 12:32:51 INFO  TestBase:70 - Closing Browser
2019-12-28 12:32:52 INFO  TestBase:72 - Browser Closed
2019-12-28 12:34:53 INFO  TestBase:32 - Initiate Browser
2019-12-28 12:35:07 INFO  TestBase:41 - Browser Initiated
2019-12-28 12:35:07 INFO  TestBase:53 - Test name: addUserTest
2019-12-28 12:35:07 INFO  TestBase:22 - login panel detected
2019-12-28 12:35:07 INFO  TestBase:26 - admin entered
2019-12-28 12:35:07 INFO  TestBase:29 - Password entered
2019-12-28 12:35:09 INFO  TestBase:32 - login button clicked
2019-12-28 12:35:11 INFO  TestBase:80 - Executed test case name:addUserTest Execution Results : [TestResult name=addUserTest status=SUCCESS method=EmployeeSearchTest.addUserTest()[pri:1, instance:tests.EmployeeSearchTest@470f1802] output={null}]
2019-12-28 12:35:11 INFO  TestBase:70 - Closing Browser
2019-12-28 12:35:12 INFO  TestBase:72 - Browser Closed
2019-12-28 12:56:13 INFO  TestBase:32 - Initiate Browser
2019-12-28 12:56:27 INFO  TestBase:41 - Browser Initiated
2019-12-28 12:56:27 INFO  TestBase:53 - Test name: addUserTest
2019-12-28 12:56:27 INFO  TestBase:22 - login panel detected
2019-12-28 12:56:27 INFO  TestBase:26 - admin entered
2019-12-28 12:56:27 INFO  TestBase:29 - Password entered
2019-12-28 12:56:29 INFO  TestBase:32 - login button clicked
2019-12-28 12:56:32 INFO  TestBase:80 - Executed test case name:addUserTest Execution Results : [TestResult name=addUserTest status=SUCCESS method=EmployeeSearchTest.addUserTest()[pri:1, instance:tests.EmployeeSearchTest@470f1802] output={null}]
2019-12-28 12:56:32 INFO  TestBase:70 - Closing Browser
2019-12-28 12:56:32 INFO  TestBase:72 - Browser Closed
2019-12-28 16:19:30 INFO  TestBase:32 - Initiate Browser
2019-12-28 16:19:44 INFO  TestBase:41 - Browser Initiated
2019-12-28 16:19:44 INFO  TestBase:53 - Test name: addUserTest
2019-12-28 16:19:44 INFO  TestBase:22 - login panel detected
2019-12-28 16:19:44 INFO  TestBase:26 - admin entered
2019-12-28 16:19:44 INFO  TestBase:29 - Password entered
2019-12-28 16:19:47 INFO  TestBase:32 - login button clicked
2019-12-28 16:19:50 INFO  TestBase:80 - Executed test case name:addUserTest Execution Results : [TestResult name=addUserTest status=SUCCESS method=EmployeeSearchTest.addUserTest()[pri:1, instance:tests.EmployeeSearchTest@470f1802] output={null}]
2019-12-28 16:19:50 INFO  TestBase:70 - Closing Browser
2019-12-28 16:19:50 INFO  TestBase:72 - Browser Closed
2019-12-28 16:20:27 INFO  TestBase:32 - Initiate Browser
2019-12-28 16:20:41 INFO  TestBase:41 - Browser Initiated
2019-12-28 16:20:41 INFO  TestBase:53 - Test name: addUserTest
2019-12-28 16:20:41 INFO  TestBase:22 - login panel detected
2019-12-28 16:20:41 INFO  TestBase:26 - admin entered
2019-12-28 16:20:41 INFO  TestBase:29 - Password entered
2019-12-28 16:20:43 INFO  TestBase:32 - login button clicked
2019-12-28 16:20:46 INFO  TestBase:80 - Executed test case name:addUserTest Execution Results : [TestResult name=addUserTest status=SUCCESS method=EmployeeSearchTest.addUserTest()[pri:1, instance:tests.EmployeeSearchTest@470f1802] output={null}]
2019-12-28 16:20:46 INFO  TestBase:70 - Closing Browser
2019-12-28 16:20:47 INFO  TestBase:72 - Browser Closed
2019-12-28 16:23:52 INFO  TestBase:32 - Initiate Browser
2019-12-28 16:24:06 INFO  TestBase:41 - Browser Initiated
2019-12-28 16:24:06 INFO  TestBase:53 - Test name: addUserTest
2019-12-28 16:24:06 INFO  TestBase:22 - login panel detected
2019-12-28 16:24:06 INFO  TestBase:26 - admin entered
2019-12-28 16:24:06 INFO  TestBase:29 - Password entered
2019-12-28 16:24:08 INFO  TestBase:32 - login button clicked
2019-12-28 16:24:12 INFO  TestBase:80 - Executed test case name:addUserTest Execution Results : [TestResult name=addUserTest status=SUCCESS method=EmployeeSearchTest.addUserTest()[pri:1, instance:tests.EmployeeSearchTest@470f1802] output={null}]
2019-12-28 16:24:12 INFO  TestBase:70 - Closing Browser
2019-12-28 16:24:12 INFO  TestBase:72 - Browser Closed
2020-01-09 10:38:33 INFO  TestBase:32 - Initiate Browser
2020-01-09 10:38:51 INFO  TestBase:41 - Browser Initiated
2020-01-09 10:38:51 INFO  TestBase:53 - Test name: addUserTest
2020-01-09 10:38:52 INFO  TestBase:80 - Executed test case name:addUserTest Execution Results : [TestResult name=addUserTest status=FAILURE method=EmployeeSearchTest.addUserTest()[pri:1, instance:tests.EmployeeSearchTest@470f1802] output={null}]
2020-01-09 10:38:52 INFO  TestBase:70 - Closing Browser
2020-01-09 10:38:53 INFO  TestBase:72 - Browser Closed
2020-01-09 10:41:10 INFO  TestBase:32 - Initiate Browser
2020-01-09 10:41:24 INFO  TestBase:41 - Browser Initiated
2020-01-09 10:41:24 INFO  TestBase:53 - Test name: addUserTest
2020-01-09 10:41:24 INFO  TestBase:22 - login panel detected
2020-01-09 10:41:24 INFO  TestBase:26 - admin entered
2020-01-09 10:41:24 INFO  TestBase:29 - Password entered
2020-01-09 10:41:28 INFO  TestBase:32 - login button clicked
2020-01-09 10:41:31 INFO  TestBase:80 - Executed test case name:addUserTest Execution Results : [TestResult name=addUserTest status=SUCCESS method=EmployeeSearchTest.addUserTest()[pri:1, instance:tests.EmployeeSearchTest@470f1802] output={null}]
2020-01-09 10:41:31 INFO  TestBase:70 - Closing Browser
2020-01-09 10:41:32 INFO  TestBase:72 - Browser Closed
2020-01-10 11:12:43 INFO  TestBase:32 - Initiate Browser
2020-01-10 11:12:58 INFO  TestBase:41 - Browser Initiated
2020-01-10 11:12:58 INFO  TestBase:53 - Test name: testGenderlInformation
2020-01-10 11:12:58 INFO  TestBase:22 - login panel detected
2020-01-10 11:12:59 INFO  TestBase:26 - admin entered
2020-01-10 11:12:59 INFO  TestBase:29 - Password entered
2020-01-10 11:13:00 INFO  TestBase:32 - login button clicked
2020-01-10 11:13:00 INFO  TestBase:80 - Executed test case name:testGenderlInformation Execution Results : [TestResult name=testGenderlInformation status=SUCCESS method=Tests.testGenderlInformation()[pri:1, instance:tests.Tests@1622f1b] output={null}]
2020-01-10 11:13:01 INFO  TestBase:70 - Closing Browser
2020-01-10 11:13:02 INFO  TestBase:72 - Browser Closed
2020-01-13 11:49:19 INFO  TestBase:32 - Initiate Browser
2020-01-13 11:49:34 INFO  TestBase:41 - Browser Initiated
2020-01-13 11:49:34 INFO  TestBase:53 - Test name: addUserTest
2020-01-13 11:49:34 INFO  TestBase:23 - login panel detected
2020-01-13 11:49:34 INFO  TestBase:27 - admin entered
2020-01-13 11:49:34 INFO  TestBase:30 - Password entered
2020-01-13 11:49:35 INFO  TestBase:33 - login button clicked
2020-01-13 11:49:38 INFO  TestBase:80 - Executed test case name:addUserTest Execution Results : [TestResult name=addUserTest status=FAILURE method=AddUserAdminTest.addUserTest()[pri:1, instance:tests.AddUserAdminTest@3d99d22e] output={null}]
2020-01-13 11:49:39 INFO  TestBase:70 - Closing Browser
2020-01-13 11:49:39 INFO  TestBase:72 - Browser Closed
2020-01-13 11:49:55 INFO  TestBase:32 - Initiate Browser
2020-01-13 11:50:08 INFO  TestBase:41 - Browser Initiated
2020-01-13 11:50:08 INFO  TestBase:53 - Test name: addUserTest
2020-01-13 11:50:08 INFO  TestBase:23 - login panel detected
2020-01-13 11:50:08 INFO  TestBase:27 - admin entered
2020-01-13 11:50:09 INFO  TestBase:30 - Password entered
2020-01-13 11:50:10 INFO  TestBase:33 - login button clicked
2020-01-13 11:50:10 INFO  TestBase:80 - Executed test case name:addUserTest Execution Results : [TestResult name=addUserTest status=FAILURE method=EmployeeSearchTest.addUserTest()[pri:1, instance:tests.EmployeeSearchTest@3d99d22e] output={null}]
2020-01-13 11:50:10 INFO  TestBase:70 - Closing Browser
2020-01-13 11:50:11 INFO  TestBase:72 - Browser Closed
2020-01-13 11:53:19 INFO  TestBase:32 - Initiate Browser
2020-01-13 11:53:33 INFO  TestBase:41 - Browser Initiated
2020-01-13 11:53:33 INFO  TestBase:53 - Test name: testGenderlInformation
2020-01-13 11:53:33 INFO  TestBase:23 - login panel detected
2020-01-13 11:53:33 INFO  TestBase:27 - admin entered
2020-01-13 11:53:33 INFO  TestBase:30 - Password entered
2020-01-13 11:53:35 INFO  TestBase:33 - login button clicked
2020-01-13 11:53:35 INFO  TestBase:80 - Executed test case name:testGenderlInformation Execution Results : [TestResult name=testGenderlInformation status=SUCCESS method=Tests.testGenderlInformation()[pri:1, instance:tests.Tests@3d99d22e] output={null}]
2020-01-13 11:53:35 INFO  TestBase:70 - Closing Browser
2020-01-13 11:53:36 INFO  TestBase:72 - Browser Closed
2020-01-13 11:53:48 INFO  TestBase:32 - Initiate Browser
2020-01-13 11:54:01 INFO  TestBase:41 - Browser Initiated
2020-01-13 11:54:01 INFO  TestBase:53 - Test name: addUserTest
2020-01-13 11:54:02 INFO  TestBase:23 - login panel detected
2020-01-13 11:54:02 INFO  TestBase:27 - admin entered
2020-01-13 11:54:02 INFO  TestBase:30 - Password entered
2020-01-13 11:54:03 INFO  TestBase:33 - login button clicked
2020-01-13 11:54:07 INFO  TestBase:80 - Executed test case name:addUserTest Execution Results : [TestResult name=addUserTest status=FAILURE method=AddUserAdminTest.addUserTest()[pri:1, instance:tests.AddUserAdminTest@3d99d22e] output={null}]
2020-01-13 11:54:07 INFO  TestBase:70 - Closing Browser
2020-01-13 11:54:08 INFO  TestBase:72 - Browser Closed
2020-01-13 11:55:29 INFO  TestBase:32 - Initiate Browser
2020-01-13 11:55:42 INFO  TestBase:41 - Browser Initiated
2020-01-13 11:55:42 INFO  TestBase:53 - Test name: addUserTest
2020-01-13 11:55:42 INFO  TestBase:23 - login panel detected
2020-01-13 11:55:42 INFO  TestBase:27 - admin entered
2020-01-13 11:55:42 INFO  TestBase:30 - Password entered
2020-01-13 11:55:44 INFO  TestBase:33 - login button clicked
2020-01-13 11:55:48 INFO  TestBase:80 - Executed test case name:addUserTest Execution Results : [TestResult name=addUserTest status=SUCCESS method=EmployeeSearchTest.addUserTest()[pri:1, instance:tests.EmployeeSearchTest@3d99d22e] output={null}]
2020-01-13 11:55:48 INFO  TestBase:70 - Closing Browser
2020-01-13 11:55:49 INFO  TestBase:72 - Browser Closed
